Jul-28 08:51:07.570 [main] DEBUG nextflow.cli.Launcher - $> nextflow run nf-core/scrnaseq -profile singularity --input samplesheet.gexcmo.csv --gex_cmo_set cmo_reference.csv --cellranger_multi_barcodes barcode_sheet.csv -c nextflow.config --fasta /orange/cancercenter-dept/GENOMES/GENOMES/references/Mus_musculus/Ensembl/GRCm39/Mus_musculus.GRCm39.dna_sm.primary_assembly.fa --gtf /orange/cancercenter-dept/GENOMES/GENOMES/references/Mus_musculus/Ensembl/GRCm39/Mus_musculus.GRCm39.111.gtf --outdir OUTPUT_GEXCMO --aligner cellrangermulti --protocol auto -resume
Jul-28 08:51:07.650 [main] DEBUG nextflow.cli.CmdRun - N E X T F L O W  ~  version 25.04.6
Jul-28 08:51:07.697 [main] DEBUG nextflow.plugin.PluginsFacade - Setting up plugin manager > mode=prod; embedded=false; plugins-dir=/home/hkates/.nextflow/plugins; core-plugins: nf-amazon@2.15.0,nf-azure@1.16.0,nf-cloudcache@0.4.3,nf-codecommit@0.2.3,nf-console@1.2.1,nf-google@1.21.1,nf-k8s@1.0.0,nf-tower@1.11.4,nf-wave@1.12.1
Jul-28 08:51:07.723 [main] INFO  o.pf4j.DefaultPluginStatusProvider - Enabled plugins: []
Jul-28 08:51:07.724 [main] INFO  o.pf4j.DefaultPluginStatusProvider - Disabled plugins: []
Jul-28 08:51:07.725 [main] INFO  org.pf4j.DefaultPluginManager - PF4J version 3.12.0 in 'deployment' mode
Jul-28 08:51:07.738 [main] INFO  org.pf4j.AbstractPluginManager - No plugins
Jul-28 08:51:07.757 [main] DEBUG nextflow.scm.ProviderConfig - Using SCM config path: /home/hkates/.nextflow/scm
Jul-28 08:51:08.324 [main] DEBUG nextflow.scm.AssetManager - Git config: /home/hkates/.nextflow/assets/nf-core/scrnaseq/.git/config; branch: master; remote: origin; url: https://github.com/nf-core/scrnaseq.git
Jul-28 08:51:08.348 [main] DEBUG nextflow.scm.RepositoryFactory - Found Git repository result: [RepositoryFactory]
Jul-28 08:51:08.356 [main] DEBUG nextflow.scm.AssetManager - Git config: /home/hkates/.nextflow/assets/nf-core/scrnaseq/.git/config; branch: master; remote: origin; url: https://github.com/nf-core/scrnaseq.git
Jul-28 08:51:09.006 [main] DEBUG nextflow.config.ConfigBuilder - Found config base: /home/hkates/.nextflow/assets/nf-core/scrnaseq/nextflow.config
Jul-28 08:51:09.006 [main] DEBUG nextflow.config.ConfigBuilder - Found config local: /blue/zhangw/BCBSR_BIOINFORMATICS/hkates/TEMI/GE-8124_scrnaseq/nf-core_pipeline/nextflow.config
Jul-28 08:51:09.008 [main] DEBUG nextflow.config.ConfigBuilder - User config file: /blue/zhangw/BCBSR_BIOINFORMATICS/hkates/TEMI/GE-8124_scrnaseq/nf-core_pipeline/nextflow.config
Jul-28 08:51:09.008 [main] DEBUG nextflow.config.ConfigBuilder - Parsing config file: /home/hkates/.nextflow/assets/nf-core/scrnaseq/nextflow.config
Jul-28 08:51:09.008 [main] DEBUG nextflow.config.ConfigBuilder - Parsing config file: /blue/zhangw/BCBSR_BIOINFORMATICS/hkates/TEMI/GE-8124_scrnaseq/nf-core_pipeline/nextflow.config
Jul-28 08:51:09.009 [main] DEBUG nextflow.config.ConfigBuilder - Parsing config file: /blue/zhangw/BCBSR_BIOINFORMATICS/hkates/TEMI/GE-8124_scrnaseq/nf-core_pipeline/nextflow.config
Jul-28 08:51:09.013 [main] DEBUG n.secret.LocalSecretsProvider - Secrets store: /home/hkates/.nextflow/secrets/store.json
Jul-28 08:51:09.015 [main] DEBUG nextflow.secret.SecretsLoader - Discovered secrets providers: [nextflow.secret.LocalSecretsProvider@168ad26f] - activable => nextflow.secret.LocalSecretsProvider@168ad26f
Jul-28 08:51:09.022 [main] DEBUG nextflow.config.ConfigBuilder - Applying config profile: `singularity`
Jul-28 08:51:09.875 [main] DEBUG nextflow.config.ConfigBuilder - Applying config profile: `singularity`
Jul-28 08:51:09.889 [main] DEBUG nextflow.config.ConfigBuilder - Applying config profile: `singularity`
Jul-28 08:51:09.894 [main] DEBUG nextflow.config.ConfigBuilder - Available config profiles: [bih, cfc_dev, uzl_omics, ifb_core, embl_hd, denbi_qbic, alice, mjolnir_globe, uppmax, giga, incliva, ilifu, ki_luria, uge, icr_alma, rosalind_uge, lugh, mccleary, unibe_ibu, vai, czbiohub_aws, jax, roslin, tes, scw, unc_longleaf, tigem, tubingen_apg, google, apollo, ipop_up, vsc_calcua, test_cellrangermulti, pdc_kth, googlels, ceci_nic5, ccga_cau, humantechnopole, stjude, daisybio, eddie, medair, biowulf, apptainer, bi, bigpurple, adcra, cedars, pawsey_setonix, vsc_kul_uhasselt, pawsey_nimbus, ucl_myriad, utd_ganymede, charliecloud, fred_hutch, seattlechildrens, icr_davros, ceres, arm, munin, rosalind, hasta, cfc, uzh, shu_bmrc, ebi_codon_slurm, ebc, ccga_dx, crick, ku_sund_danhead, marvin, shifter, biohpc_gen, mana, mamba, york_viking, unc_lccc, wehi, awsbatch, wustl_htcf, arcc, ceci_dragon2, imperial, maestro, software_license, cannon, genotoul, nci_gadi, abims, eva_grace, janelia, nu_genomics, googlebatch, oist, sahmri, kaust, alliance_canada, mpcdf, leicester, vsc_ugent, create, sage, cambridge, jex, podman, ebi_codon, cheaha, xanadu, nyu_hpc, test, marjorie, computerome, ucd_sonic, gpu, test_multiome, seg_globe, mssm, sanger, dkfz, bluebear, pasteur, einstein, ethz_euler, m3c, test_full, imb, ucl_cscluster, tuos_stanage, azurebatch, hki, seadragon, crukmi, csiro_petrichor, qmul_apocrita, wave, docker, engaging, gis, hypatia, psmn, eva, unity, cropdiversityhpc, nygc, fgcz, conda, crg, singularity, mpcdf_viper, pe2, self_hosted_runner, tufts, uw_hyak_pedslabs, binac2, debug, genouest, cbe, unsw_katana, utd_juno, gitpod, phoenix, seawulf, uod_hpc, fub_curta, uct_hpc, aws_tower, binac, fsu_draco]
Jul-28 08:51:09.917 [main] DEBUG nextflow.cli.CmdRun - Applied DSL=2 by global default
Jul-28 08:51:09.917 [main] DEBUG nextflow.cli.CmdRun - Launching `https://github.com/nf-core/scrnaseq` [modest_swanson] DSL2 - revision: e0ddddbff9 [master]
Jul-28 08:51:09.918 [main] DEBUG nextflow.plugin.PluginsFacade - Plugins declared=[nf-schema@2.3.0]
Jul-28 08:51:09.918 [main] DEBUG nextflow.plugin.PluginsFacade - Plugins default=[]
Jul-28 08:51:09.918 [main] DEBUG nextflow.plugin.PluginsFacade - Plugins resolved requirement=[nf-schema@2.3.0]
Jul-28 08:51:09.919 [main] DEBUG nextflow.plugin.PluginUpdater - Installing plugin nf-schema version: 2.3.0
Jul-28 08:51:09.932 [main] INFO  org.pf4j.AbstractPluginManager - Plugin 'nf-schema@2.3.0' resolved
Jul-28 08:51:09.932 [main] INFO  org.pf4j.AbstractPluginManager - Start plugin 'nf-schema@2.3.0'
Jul-28 08:51:09.942 [main] DEBUG nextflow.plugin.BasePlugin - Plugin started nf-schema@2.3.0
Jul-28 08:51:09.988 [main] DEBUG nextflow.Session - Session UUID: e2dc787e-d58a-4cbc-afc1-a919272d1d4e
Jul-28 08:51:09.988 [main] DEBUG nextflow.Session - Run name: modest_swanson
Jul-28 08:51:09.988 [main] DEBUG nextflow.Session - Executor pool size: 16
Jul-28 08:51:09.993 [main] DEBUG nextflow.file.FilePorter - File porter settings maxRetries=3; maxTransfers=50; pollTimeout=null
Jul-28 08:51:09.996 [main] DEBUG nextflow.util.ThreadPoolBuilder - Creating thread pool 'FileTransfer' minSize=10; maxSize=48; workQueue=LinkedBlockingQueue[-1]; allowCoreThreadTimeout=false
Jul-28 08:51:10.020 [main] DEBUG nextflow.cli.CmdRun - 
  Version: 25.04.6 build 5954
  Created: 01-07-2025 11:27 UTC (07:27 EDT)
  System: Linux 5.14.0-503.40.1.el9_5.x86_64
  Runtime: Groovy 4.0.26 on OpenJDK 64-Bit Server VM 20.0.1+9-29
  Encoding: UTF-8 (UTF-8)
  Process: 368116@c0602a-s14.ufhpc [172.16.134.12]
  CPUs: 16 - Mem: 755 GB (602.9 GB) - Swap: 8 GB (7.9 GB)
Jul-28 08:51:10.047 [main] DEBUG nextflow.Session - Work-dir: /blue/zhangw/BCBSR_BIOINFORMATICS/hkates/TEMI/GE-8124_scrnaseq/work_gexcmo [lustre]
Jul-28 08:51:10.073 [main] DEBUG nextflow.executor.ExecutorFactory - Extension executors providers=[]
Jul-28 08:51:10.082 [main] DEBUG nextflow.Session - Observer factory: DefaultObserverFactory
Jul-28 08:51:10.092 [main] DEBUG nextflow.Session - Observer factory: ValidationObserverFactory
Jul-28 08:51:10.110 [main] DEBUG nextflow.Session - Observer factory (v2): LinObserverFactory
Jul-28 08:51:10.139 [main] DEBUG nextflow.cache.CacheFactory - Using Nextflow cache factory: nextflow.cache.DefaultCacheFactory
Jul-28 08:51:10.146 [main] DEBUG nextflow.util.CustomThreadPool - Creating default thread pool > poolSize: 17; maxThreads: 1000
Jul-28 08:51:10.260 [main] DEBUG nextflow.Session - Session start
Jul-28 08:51:10.264 [main] DEBUG nextflow.trace.TraceFileObserver - Workflow started -- trace file: /blue/zhangw/BCBSR_BIOINFORMATICS/hkates/TEMI/GE-8124_scrnaseq/nf-core_pipeline/OUTPUT_GEXCMO/pipeline_info/execution_trace_2025-07-28_08-51-09.txt
Jul-28 08:51:10.281 [main] DEBUG nextflow.Session - Using default localLib path: /home/hkates/.nextflow/assets/nf-core/scrnaseq/lib
Jul-28 08:51:10.283 [main] DEBUG nextflow.Session - Adding to the classpath library: /home/hkates/.nextflow/assets/nf-core/scrnaseq/lib
Jul-28 08:51:10.371 [main] DEBUG nextflow.script.ScriptRunner - > Launching execution
Jul-28 08:51:10.603 [main] DEBUG nextflow.script.IncludeDef - Loading included plugin extensions with names: [paramsSummaryLog:paramsSummaryLog]; plugin Id: nf-schema
Jul-28 08:51:10.615 [main] DEBUG nextflow.script.IncludeDef - Loading included plugin extensions with names: [validateParameters:validateParameters]; plugin Id: nf-schema
Jul-28 08:51:10.624 [main] DEBUG nextflow.script.IncludeDef - Loading included plugin extensions with names: [paramsSummaryMap:paramsSummaryMap]; plugin Id: nf-schema
Jul-28 08:51:10.624 [main] DEBUG nextflow.script.IncludeDef - Loading included plugin extensions with names: [samplesheetToList:samplesheetToList]; plugin Id: nf-schema
Jul-28 08:51:11.081 [main] DEBUG nextflow.script.IncludeDef - Loading included plugin extensions with names: [paramsSummaryMap:paramsSummaryMap]; plugin Id: nf-schema
Jul-28 08:51:11.169 [main] DEBUG nextflow.script.IncludeDef - Loading included plugin extensions with names: [paramsSummaryLog:paramsSummaryLog]; plugin Id: nf-schema
Jul-28 08:51:11.170 [main] DEBUG nextflow.script.IncludeDef - Loading included plugin extensions with names: [validateParameters:validateParameters]; plugin Id: nf-schema
Jul-28 08:51:11.171 [main] DEBUG nextflow.script.IncludeDef - Loading included plugin extensions with names: [paramsSummaryMap:paramsSummaryMap]; plugin Id: nf-schema
Jul-28 08:51:11.172 [main] DEBUG nextflow.script.IncludeDef - Loading included plugin extensions with names: [samplesheetToList:samplesheetToList]; plugin Id: nf-schema
Jul-28 08:51:12.860 [main] INFO  nextflow.Nextflow - 
-[2m----------------------------------------------------[0m-
                                        [0;32m,--.[0;30m/[0;32m,-.[0m
[0;34m        ___     __   __   __   ___     [0;32m/,-._.--~'[0m
[0;34m  |\ | |__  __ /  ` /  \ |__) |__         [0;33m}  {[0m
[0;34m  | \| |       \__, \__/ |  \ |___     [0;32m\`-._,-`-,[0m
                                        [0;32m`._,._,'[0m
[0;35m  nf-core/scrnaseq 4.0.0[0m
-[2m----------------------------------------------------[0m-
[1mInput/output options[0m
  [0;34minput                    : [0;32msamplesheet.gexcmo.csv[0m
  [0;34moutdir                   : [0;32mOUTPUT_GEXCMO[0m

[1mMandatory arguments[0m
  [0;34maligner                  : [0;32mcellrangermulti[0m

[1mReference genome options[0m
  [0;34mfasta                    : [0;32m/orange/cancercenter-dept/GENOMES/GENOMES/references/Mus_musculus/Ensembl/GRCm39/Mus_musculus.GRCm39.dna_sm.primary_assembly.fa[0m
  [0;34mgtf                      : [0;32m/orange/cancercenter-dept/GENOMES/GENOMES/references/Mus_musculus/Ensembl/GRCm39/Mus_musculus.GRCm39.111.gtf[0m
  [0;34msave_align_intermeds     : [0;32mtrue[0m

[1mCellranger Multi options[0m
  [0;34mgex_cmo_set              : [0;32mcmo_reference.csv[0m
  [0;34mcellranger_multi_barcodes: [0;32mbarcode_sheet.csv[0m

[1mGeneric options[0m
  [0;34mtrace_report_suffix      : [0;32m2025-07-28_08-51-09[0m

[1mCore Nextflow options[0m
  [0;34mrevision                 : [0;32mmaster[0m
  [0;34mrunName                  : [0;32mmodest_swanson[0m
  [0;34mcontainerEngine          : [0;32msingularity[0m
  [0;34mlaunchDir                : [0;32m/blue/zhangw/BCBSR_BIOINFORMATICS/hkates/TEMI/GE-8124_scrnaseq/nf-core_pipeline[0m
  [0;34mworkDir                  : [0;32m/blue/zhangw/BCBSR_BIOINFORMATICS/hkates/TEMI/GE-8124_scrnaseq/work_gexcmo[0m
  [0;34mprojectDir               : [0;32m/home/hkates/.nextflow/assets/nf-core/scrnaseq[0m
  [0;34muserName                 : [0;32mhkates[0m
  [0;34mprofile                  : [0;32msingularity[0m
  [0;34mconfigFiles              : [0;32m/home/hkates/.nextflow/assets/nf-core/scrnaseq/nextflow.config, /blue/zhangw/BCBSR_BIOINFORMATICS/hkates/TEMI/GE-8124_scrnaseq/nf-core_pipeline/nextflow.config, /blue/zhangw/BCBSR_BIOINFORMATICS/hkates/TEMI/GE-8124_scrnaseq/nf-core_pipeline/nextflow.config[0m

!! Only displaying parameters that differ from the pipeline defaults !!
-[2m----------------------------------------------------[0m-
* The pipeline
    https://doi.org/10.5281/zenodo.3568187

* The nf-core framework
    https://doi.org/10.1038/s41587-020-0439-x

* Software dependencies
    https://github.com/nf-core/scrnaseq/blob/master/CITATIONS.md

Jul-28 08:51:12.862 [main] DEBUG n.validation.ValidationExtension - Starting parameters validation
Jul-28 08:51:12.885 [main] WARN  n.validation.ValidationExtension - The following invalid input values have been detected:

* --monochromeLogs: null


Jul-28 08:51:12.947 [main] DEBUG nextflow.validation.SchemaEvaluator - Started validating /blue/zhangw/BCBSR_BIOINFORMATICS/hkates/TEMI/GE-8124_scrnaseq/nf-core_pipeline/samplesheet.gexcmo.csv
Jul-28 08:51:13.014 [main] DEBUG nextflow.validation.SchemaEvaluator - Validation of file 'samplesheet.gexcmo.csv' passed!
Jul-28 08:51:13.034 [main] DEBUG n.v.FormatDirectoryPathEvaluator - Cloud blob storage paths are not supported by 'FormatDirectoryPathEvaluator': 's3://ngi-igenomes/igenomes/'
Jul-28 08:51:13.036 [main] DEBUG n.validation.ValidationExtension - Finishing parameters validation
Jul-28 08:51:13.126 [main] DEBUG nextflow.script.ProcessConfig - Config settings `withLabel:process_medium` matches labels `process_medium` for process with name NFCORE_SCRNASEQ:SCRNASEQ:FASTQC_CHECK:FASTQC
Jul-28 08:51:13.127 [main] DEBUG nextflow.script.ProcessConfig - Config settings `withName:FASTQC` matches process NFCORE_SCRNASEQ:SCRNASEQ:FASTQC_CHECK:FASTQC
Jul-28 08:51:13.132 [main] DEBUG nextflow.executor.ExecutorFactory - << taskConfig executor: slurm
Jul-28 08:51:13.132 [main] DEBUG nextflow.executor.ExecutorFactory - >> processorType: 'slurm'
Jul-28 08:51:13.138 [main] DEBUG nextflow.executor.Executor - [warm up] executor > slurm
Jul-28 08:51:13.142 [main] DEBUG n.processor.TaskPollingMonitor - Creating task monitor for executor 'slurm' > capacity: 100; pollInterval: 5s; dumpInterval: 5m 
Jul-28 08:51:13.143 [main] DEBUG n.processor.TaskPollingMonitor - >>> barrier register (monitor: slurm)
Jul-28 08:51:13.144 [main] DEBUG n.executor.AbstractGridExecutor - Creating executor 'slurm' > queue-stat-interval: 1m
Jul-28 08:51:13.155 [main] DEBUG nextflow.processor.TaskProcessor - Creating process 'NFCORE_SCRNASEQ:SCRNASEQ:FASTQC_CHECK:FASTQC': maxForks=0; fair=false; array=0
Jul-28 08:51:13.180 [main] DEBUG nextflow.script.ProcessConfig - Config settings `withLabel:process_low` matches labels `process_low` for process with name NFCORE_SCRNASEQ:SCRNASEQ:GTF_GENE_FILTER
Jul-28 08:51:13.180 [main] DEBUG nextflow.script.ProcessConfig - Config settings `withName:GTF_GENE_FILTER` matches process NFCORE_SCRNASEQ:SCRNASEQ:GTF_GENE_FILTER
Jul-28 08:51:13.181 [main] DEBUG nextflow.executor.ExecutorFactory - << taskConfig executor: slurm
Jul-28 08:51:13.181 [main] DEBUG nextflow.executor.ExecutorFactory - >> processorType: 'slurm'
Jul-28 08:51:13.182 [main] DEBUG nextflow.processor.TaskProcessor - Creating process 'NFCORE_SCRNASEQ:SCRNASEQ:GTF_GENE_FILTER': maxForks=0; fair=false; array=0
Jul-28 08:51:13.193 [main] DEBUG nextflow.script.ProcessConfig - Config settings `withLabel:process_low` matches labels `process_low` for process with name NFCORE_SCRNASEQ:SCRNASEQ:CELLRANGER_MULTI_ALIGN:PARSE_CELLRANGERMULTI_SAMPLESHEET
Jul-28 08:51:13.194 [main] DEBUG nextflow.executor.ExecutorFactory - << taskConfig executor: slurm
Jul-28 08:51:13.194 [main] DEBUG nextflow.executor.ExecutorFactory - >> processorType: 'slurm'
Jul-28 08:51:13.195 [main] DEBUG nextflow.processor.TaskProcessor - Creating process 'NFCORE_SCRNASEQ:SCRNASEQ:CELLRANGER_MULTI_ALIGN:PARSE_CELLRANGERMULTI_SAMPLESHEET': maxForks=0; fair=false; array=0
Jul-28 08:51:13.205 [main] DEBUG nextflow.script.ProcessConfig - Config settings `withLabel:process_low` matches labels `process_low` for process with name NFCORE_SCRNASEQ:SCRNASEQ:CELLRANGER_MULTI_ALIGN:CELLRANGER_MKGTF
Jul-28 08:51:13.205 [main] DEBUG nextflow.script.ProcessConfig - Config settings `withName:CELLRANGER_MKGTF` matches process NFCORE_SCRNASEQ:SCRNASEQ:CELLRANGER_MULTI_ALIGN:CELLRANGER_MKGTF
Jul-28 08:51:13.206 [main] DEBUG nextflow.executor.ExecutorFactory - << taskConfig executor: slurm
Jul-28 08:51:13.206 [main] DEBUG nextflow.executor.ExecutorFactory - >> processorType: 'slurm'
Jul-28 08:51:13.207 [main] DEBUG nextflow.processor.TaskProcessor - Creating process 'NFCORE_SCRNASEQ:SCRNASEQ:CELLRANGER_MULTI_ALIGN:CELLRANGER_MKGTF': maxForks=0; fair=false; array=0
Jul-28 08:51:13.210 [main] DEBUG nextflow.script.ProcessConfig - Config settings `withLabel:process_high` matches labels `process_high` for process with name NFCORE_SCRNASEQ:SCRNASEQ:CELLRANGER_MULTI_ALIGN:CELLRANGER_MKREF
Jul-28 08:51:13.211 [main] DEBUG nextflow.script.ProcessConfig - Config settings `withName:CELLRANGER_MKREF` matches process NFCORE_SCRNASEQ:SCRNASEQ:CELLRANGER_MULTI_ALIGN:CELLRANGER_MKREF
Jul-28 08:51:13.212 [main] DEBUG nextflow.executor.ExecutorFactory - << taskConfig executor: slurm
Jul-28 08:51:13.212 [main] DEBUG nextflow.executor.ExecutorFactory - >> processorType: 'slurm'
Jul-28 08:51:13.212 [main] DEBUG nextflow.processor.TaskProcessor - Creating process 'NFCORE_SCRNASEQ:SCRNASEQ:CELLRANGER_MULTI_ALIGN:CELLRANGER_MKREF': maxForks=0; fair=false; array=0
Jul-28 08:51:13.217 [main] DEBUG nextflow.script.ProcessConfig - Config settings `withLabel:process_high` matches labels `process_high` for process with name NFCORE_SCRNASEQ:SCRNASEQ:CELLRANGER_MULTI_ALIGN:CELLRANGER_MKVDJREF
Jul-28 08:51:13.218 [main] DEBUG nextflow.script.ProcessConfig - Config settings `withName:CELLRANGER_MKVDJREF` matches process NFCORE_SCRNASEQ:SCRNASEQ:CELLRANGER_MULTI_ALIGN:CELLRANGER_MKVDJREF
Jul-28 08:51:13.219 [main] DEBUG nextflow.executor.ExecutorFactory - << taskConfig executor: slurm
Jul-28 08:51:13.219 [main] DEBUG nextflow.executor.ExecutorFactory - >> processorType: 'slurm'
Jul-28 08:51:13.219 [main] DEBUG nextflow.processor.TaskProcessor - Creating process 'NFCORE_SCRNASEQ:SCRNASEQ:CELLRANGER_MULTI_ALIGN:CELLRANGER_MKVDJREF': maxForks=0; fair=false; array=0
Jul-28 08:51:13.231 [main] DEBUG nextflow.script.ProcessConfig - Config settings `withLabel:process_high` matches labels `process_high` for process with name NFCORE_SCRNASEQ:SCRNASEQ:CELLRANGER_MULTI_ALIGN:CELLRANGER_MULTI
Jul-28 08:51:13.232 [main] DEBUG nextflow.script.ProcessConfig - Config settings `withName:NFCORE_SCRNASEQ:SCRNASEQ:CELLRANGER_MULTI_ALIGN:CELLRANGER_MULTI` matches process NFCORE_SCRNASEQ:SCRNASEQ:CELLRANGER_MULTI_ALIGN:CELLRANGER_MULTI
Jul-28 08:51:13.233 [main] DEBUG nextflow.executor.ExecutorFactory - << taskConfig executor: slurm
Jul-28 08:51:13.233 [main] DEBUG nextflow.executor.ExecutorFactory - >> processorType: 'slurm'
Jul-28 08:51:13.233 [main] DEBUG nextflow.processor.TaskProcessor - Creating process 'NFCORE_SCRNASEQ:SCRNASEQ:CELLRANGER_MULTI_ALIGN:CELLRANGER_MULTI': maxForks=0; fair=false; array=0
Jul-28 08:51:13.248 [main] DEBUG nextflow.script.ProcessConfig - Config settings `withLabel:process_medium` matches labels `process_medium` for process with name NFCORE_SCRNASEQ:SCRNASEQ:MTX_TO_H5AD
Jul-28 08:51:13.248 [main] DEBUG nextflow.script.ProcessConfig - Config settings `withName:MTX_TO_H5AD|CONCAT_H5AD|ANNDATAR_CONVERT` matches process NFCORE_SCRNASEQ:SCRNASEQ:MTX_TO_H5AD
Jul-28 08:51:13.249 [main] DEBUG nextflow.executor.ExecutorFactory - << taskConfig executor: slurm
Jul-28 08:51:13.249 [main] DEBUG nextflow.executor.ExecutorFactory - >> processorType: 'slurm'
Jul-28 08:51:13.250 [main] DEBUG nextflow.processor.TaskProcessor - Creating process 'NFCORE_SCRNASEQ:SCRNASEQ:MTX_TO_H5AD': maxForks=0; fair=false; array=0
Jul-28 08:51:13.259 [main] DEBUG nextflow.script.ProcessConfig - Config settings `withLabel:process_medium` matches labels `process_medium,process_gpu` for process with name NFCORE_SCRNASEQ:SCRNASEQ:H5AD_REMOVEBACKGROUND_BARCODES_CELLBENDER_ANNDATA:CELLBENDER_REMOVEBACKGROUND
Jul-28 08:51:13.260 [main] DEBUG nextflow.script.ProcessConfig - Config settings `withLabel:process_gpu` matches labels `process_medium,process_gpu` for process with name NFCORE_SCRNASEQ:SCRNASEQ:H5AD_REMOVEBACKGROUND_BARCODES_CELLBENDER_ANNDATA:CELLBENDER_REMOVEBACKGROUND
Jul-28 08:51:13.260 [main] DEBUG nextflow.script.ProcessConfig - Config settings `withName:CELLBENDER_REMOVEBACKGROUND` matches process NFCORE_SCRNASEQ:SCRNASEQ:H5AD_REMOVEBACKGROUND_BARCODES_CELLBENDER_ANNDATA:CELLBENDER_REMOVEBACKGROUND
Jul-28 08:51:13.261 [main] DEBUG nextflow.executor.ExecutorFactory - << taskConfig executor: slurm
Jul-28 08:51:13.261 [main] DEBUG nextflow.executor.ExecutorFactory - >> processorType: 'slurm'
Jul-28 08:51:13.262 [main] DEBUG nextflow.processor.TaskProcessor - Creating process 'NFCORE_SCRNASEQ:SCRNASEQ:H5AD_REMOVEBACKGROUND_BARCODES_CELLBENDER_ANNDATA:CELLBENDER_REMOVEBACKGROUND': maxForks=0; fair=false; array=0
Jul-28 08:51:13.271 [main] DEBUG nextflow.script.ProcessConfig - Config settings `withLabel:process_single` matches labels `process_single` for process with name NFCORE_SCRNASEQ:SCRNASEQ:H5AD_REMOVEBACKGROUND_BARCODES_CELLBENDER_ANNDATA:ANNDATA_BARCODES
Jul-28 08:51:13.271 [main] DEBUG nextflow.script.ProcessConfig - Config settings `withName:ANNDATA_BARCODES` matches process NFCORE_SCRNASEQ:SCRNASEQ:H5AD_REMOVEBACKGROUND_BARCODES_CELLBENDER_ANNDATA:ANNDATA_BARCODES
Jul-28 08:51:13.272 [main] DEBUG nextflow.executor.ExecutorFactory - << taskConfig executor: slurm
Jul-28 08:51:13.272 [main] DEBUG nextflow.executor.ExecutorFactory - >> processorType: 'slurm'
Jul-28 08:51:13.273 [main] DEBUG nextflow.processor.TaskProcessor - Creating process 'NFCORE_SCRNASEQ:SCRNASEQ:H5AD_REMOVEBACKGROUND_BARCODES_CELLBENDER_ANNDATA:ANNDATA_BARCODES': maxForks=0; fair=false; array=0
Jul-28 08:51:13.279 [main] DEBUG nextflow.script.ProcessConfig - Config settings `withLabel:process_medium` matches labels `process_medium` for process with name NFCORE_SCRNASEQ:SCRNASEQ:H5AD_CONVERSION:CONCAT_H5AD
Jul-28 08:51:13.279 [main] DEBUG nextflow.script.ProcessConfig - Config settings `withName:MTX_TO_H5AD|CONCAT_H5AD|ANNDATAR_CONVERT` matches process NFCORE_SCRNASEQ:SCRNASEQ:H5AD_CONVERSION:CONCAT_H5AD
Jul-28 08:51:13.280 [main] DEBUG nextflow.executor.ExecutorFactory - << taskConfig executor: slurm
Jul-28 08:51:13.280 [main] DEBUG nextflow.executor.ExecutorFactory - >> processorType: 'slurm'
Jul-28 08:51:13.280 [main] DEBUG nextflow.processor.TaskProcessor - Creating process 'NFCORE_SCRNASEQ:SCRNASEQ:H5AD_CONVERSION:CONCAT_H5AD': maxForks=0; fair=false; array=0
Jul-28 08:51:13.285 [main] DEBUG nextflow.script.ProcessConfig - Config settings `withLabel:process_medium` matches labels `process_medium` for process with name NFCORE_SCRNASEQ:SCRNASEQ:H5AD_CONVERSION:ANNDATAR_CONVERT
Jul-28 08:51:13.285 [main] DEBUG nextflow.script.ProcessConfig - Config settings `withName:MTX_TO_H5AD|CONCAT_H5AD|ANNDATAR_CONVERT` matches process NFCORE_SCRNASEQ:SCRNASEQ:H5AD_CONVERSION:ANNDATAR_CONVERT
Jul-28 08:51:13.286 [main] DEBUG nextflow.executor.ExecutorFactory - << taskConfig executor: slurm
Jul-28 08:51:13.286 [main] DEBUG nextflow.executor.ExecutorFactory - >> processorType: 'slurm'
Jul-28 08:51:13.286 [main] DEBUG nextflow.processor.TaskProcessor - Creating process 'NFCORE_SCRNASEQ:SCRNASEQ:H5AD_CONVERSION:ANNDATAR_CONVERT': maxForks=0; fair=false; array=0
Jul-28 08:51:13.347 [main] DEBUG nextflow.script.ProcessConfig - Config settings `withLabel:process_single` matches labels `process_single` for process with name NFCORE_SCRNASEQ:SCRNASEQ:MULTIQC
Jul-28 08:51:13.347 [main] DEBUG nextflow.script.ProcessConfig - Config settings `withName:MULTIQC` matches process NFCORE_SCRNASEQ:SCRNASEQ:MULTIQC
Jul-28 08:51:13.349 [main] DEBUG nextflow.executor.ExecutorFactory - << taskConfig executor: slurm
Jul-28 08:51:13.349 [main] DEBUG nextflow.executor.ExecutorFactory - >> processorType: 'slurm'
Jul-28 08:51:13.349 [main] DEBUG nextflow.processor.TaskProcessor - Creating process 'NFCORE_SCRNASEQ:SCRNASEQ:MULTIQC': maxForks=0; fair=false; array=0
Jul-28 08:51:13.357 [main] DEBUG nextflow.Session - Config process names validation disabled as requested
Jul-28 08:51:13.360 [main] DEBUG nextflow.Session - Igniting dataflow network (30)
Jul-28 08:51:13.360 [main] DEBUG nextflow.processor.TaskProcessor - Starting process > NFCORE_SCRNASEQ:SCRNASEQ:FASTQC_CHECK:FASTQC
Jul-28 08:51:13.361 [main] DEBUG nextflow.processor.TaskProcessor - Starting process > NFCORE_SCRNASEQ:SCRNASEQ:GTF_GENE_FILTER
Jul-28 08:51:13.361 [main] DEBUG nextflow.processor.TaskProcessor - Starting process > NFCORE_SCRNASEQ:SCRNASEQ:CELLRANGER_MULTI_ALIGN:PARSE_CELLRANGERMULTI_SAMPLESHEET
Jul-28 08:51:13.361 [main] DEBUG nextflow.processor.TaskProcessor - Starting process > NFCORE_SCRNASEQ:SCRNASEQ:CELLRANGER_MULTI_ALIGN:CELLRANGER_MKGTF
Jul-28 08:51:13.361 [main] DEBUG nextflow.processor.TaskProcessor - Starting process > NFCORE_SCRNASEQ:SCRNASEQ:CELLRANGER_MULTI_ALIGN:CELLRANGER_MKREF
Jul-28 08:51:13.361 [main] DEBUG nextflow.processor.TaskProcessor - Starting process > NFCORE_SCRNASEQ:SCRNASEQ:CELLRANGER_MULTI_ALIGN:CELLRANGER_MKVDJREF
Jul-28 08:51:13.361 [main] DEBUG nextflow.processor.TaskProcessor - Starting process > NFCORE_SCRNASEQ:SCRNASEQ:CELLRANGER_MULTI_ALIGN:CELLRANGER_MULTI
Jul-28 08:51:13.361 [main] DEBUG nextflow.processor.TaskProcessor - Starting process > NFCORE_SCRNASEQ:SCRNASEQ:MTX_TO_H5AD
Jul-28 08:51:13.361 [main] DEBUG nextflow.processor.TaskProcessor - Starting process > NFCORE_SCRNASEQ:SCRNASEQ:H5AD_REMOVEBACKGROUND_BARCODES_CELLBENDER_ANNDATA:CELLBENDER_REMOVEBACKGROUND
Jul-28 08:51:13.361 [main] DEBUG nextflow.processor.TaskProcessor - Starting process > NFCORE_SCRNASEQ:SCRNASEQ:H5AD_REMOVEBACKGROUND_BARCODES_CELLBENDER_ANNDATA:ANNDATA_BARCODES
Jul-28 08:51:13.362 [main] DEBUG nextflow.processor.TaskProcessor - Starting process > NFCORE_SCRNASEQ:SCRNASEQ:H5AD_CONVERSION:CONCAT_H5AD
Jul-28 08:51:13.362 [main] DEBUG nextflow.processor.TaskProcessor - Starting process > NFCORE_SCRNASEQ:SCRNASEQ:H5AD_CONVERSION:ANNDATAR_CONVERT
Jul-28 08:51:13.366 [main] DEBUG nextflow.processor.TaskProcessor - Starting process > NFCORE_SCRNASEQ:SCRNASEQ:MULTIQC
Jul-28 08:51:13.366 [main] DEBUG nextflow.script.ScriptRunner - Parsed script files:
  Script_116619ccb325236c: /home/hkates/.nextflow/assets/nf-core/scrnaseq/modules/nf-core/cellranger/count/main.nf
  Script_2cdf1dd129ca8d6b: /home/hkates/.nextflow/assets/nf-core/scrnaseq/subworkflows/local/kallisto_bustools.nf
  Script_2422cb5c866a3f02: /home/hkates/.nextflow/assets/nf-core/scrnaseq/modules/nf-core/cellranger/mkgtf/main.nf
  Script_215a636da7ab24a2: /home/hkates/.nextflow/assets/nf-core/scrnaseq/subworkflows/nf-core/utils_nfschema_plugin/main.nf
  Script_17ce930509503341: /home/hkates/.nextflow/assets/nf-core/scrnaseq/subworkflows/local/starsolo.nf
  Script_a5e3a56fa0f5753f: /home/hkates/.nextflow/assets/nf-core/scrnaseq/subworkflows/local/align_cellrangerarc.nf
  Script_5c4e8d4051efa81e: /home/hkates/.nextflow/assets/nf-core/scrnaseq/subworkflows/nf-core/utils_nfcore_pipeline/main.nf
  Script_01678c41b497280c: /home/hkates/.nextflow/assets/nf-core/scrnaseq/modules/local/alevinqc.nf
  Script_2ce2cea66f33b0c9: /home/hkates/.nextflow/assets/nf-core/scrnaseq/modules/local/parse_cellrangermulti_samplesheet.nf
  Script_b6f2f5397ff1b307: /home/hkates/.nextflow/assets/nf-core/scrnaseq/modules/local/gtf_gene_filter.nf
  Script_0690c94ccbc80cf8: /home/hkates/.nextflow/assets/nf-core/scrnaseq/modules/nf-core/anndata/barcodes/main.nf
  Script_f484bb04f71d5cb3: /home/hkates/.nextflow/assets/nf-core/scrnaseq/modules/nf-core/cellranger/multi/main.nf
  Script_85014429899d4eed: /home/hkates/.nextflow/assets/nf-core/scrnaseq/modules/nf-core/cellrangerarc/count/main.nf
  Script_2b5dc2db40c0c7f1: /home/hkates/.nextflow/assets/nf-core/scrnaseq/subworkflows/local/simpleaf.nf
  Script_0fdb2e5f8575be0c: /home/hkates/.nextflow/assets/nf-core/scrnaseq/modules/nf-core/multiqc/main.nf
  Script_9920ace3f63f7548: /home/hkates/.nextflow/assets/nf-core/scrnaseq/modules/local/concat_h5ad.nf
  Script_67f289d1fa44410a: /home/hkates/.nextflow/assets/nf-core/scrnaseq/modules/nf-core/kallistobustools/count/main.nf
  Script_a242b7d3e1522c1a: /home/hkates/.nextflow/assets/nf-core/scrnaseq/subworkflows/local/align_cellranger.nf
  Script_c224a5d34be70db1: /home/hkates/.nextflow/assets/nf-core/scrnaseq/subworkflows/nf-core/h5ad_removebackground_barcodes_cellbender_anndata/main.nf
  Script_0cb99b50b73564f3: /home/hkates/.nextflow/assets/nf-core/scrnaseq/modules/nf-core/simpleaf/index/main.nf
  Script_e6da1e6a0fbb4bd4: /home/hkates/.nextflow/assets/nf-core/scrnaseq/modules/nf-core/simpleaf/quant/main.nf
  Script_b8ef320e712f03dd: /home/hkates/.nextflow/assets/nf-core/scrnaseq/modules/nf-core/cellrangerarc/mkgtf/main.nf
  Script_4f612cfd8c52e8cd: /home/hkates/.nextflow/assets/nf-core/scrnaseq/subworkflows/nf-core/utils_nextflow_pipeline/main.nf
  Script_c12f64b9d72aaf58: /home/hkates/.nextflow/assets/nf-core/scrnaseq/modules/local/star_align.nf
  Script_8b4cd5023b0747bc: /home/hkates/.nextflow/assets/nf-core/scrnaseq/modules/nf-core/star/genomegenerate/main.nf
  Script_3c99494cecee2398: /home/hkates/.nextflow/assets/nf-core/scrnaseq/subworkflows/local/h5ad_conversion.nf
  Script_7db0c40b9e083db8: /home/hkates/.nextflow/assets/nf-core/scrnaseq/modules/local/mtx_to_h5ad.nf
  Script_e04fff270dc1ec83: /home/hkates/.nextflow/assets/nf-core/scrnaseq/main.nf
  Script_7fc9d40ebc5611d3: /home/hkates/.nextflow/assets/nf-core/scrnaseq/modules/nf-core/cellranger/mkref/main.nf
  Script_bbcd84f7538bc350: /home/hkates/.nextflow/assets/nf-core/scrnaseq/subworkflows/local/utils_nfcore_scrnaseq_pipeline/main.nf
  Script_7d26d205472ec618: /home/hkates/.nextflow/assets/nf-core/scrnaseq/subworkflows/local/fastqc.nf
  Script_f535f8fb412be0f3: /home/hkates/.nextflow/assets/nf-core/scrnaseq/workflows/scrnaseq.nf
  Script_dc41886bdbd95b0b: /home/hkates/.nextflow/assets/nf-core/scrnaseq/modules/nf-core/fastqc/main.nf
  Script_a415462e1630ff87: /home/hkates/.nextflow/assets/nf-core/scrnaseq/modules/nf-core/cellbender/removebackground/main.nf
  Script_b6e854e2f4a9b0b7: /home/hkates/.nextflow/assets/nf-core/scrnaseq/modules/nf-core/kallistobustools/ref/main.nf
  Script_ee6d5a1dfbefe9e1: /home/hkates/.nextflow/assets/nf-core/scrnaseq/modules/nf-core/cellranger/mkvdjref/main.nf
  Script_a6b84a8d8db37c9d: /home/hkates/.nextflow/assets/nf-core/scrnaseq/modules/nf-core/gunzip/main.nf
  Script_13d4ec1d4f43657c: /home/hkates/.nextflow/assets/nf-core/scrnaseq/modules/local/anndatar_convert.nf
  Script_fd9ffb2ce3d24fd1: /home/hkates/.nextflow/assets/nf-core/scrnaseq/modules/nf-core/cellrangerarc/mkref/main.nf
  Script_cf189f8d1668d163: /home/hkates/.nextflow/assets/nf-core/scrnaseq/subworkflows/local/align_cellrangermulti.nf
Jul-28 08:51:13.366 [main] DEBUG nextflow.script.ScriptRunner - > Awaiting termination 
Jul-28 08:51:13.366 [main] DEBUG nextflow.Session - Session await
Jul-28 08:51:13.450 [Actor Thread 22] DEBUG nextflow.container.SingularityCache - Singularity found local store for image=https://depot.galaxyproject.org/singularity/python:3.9--1; path=/blue/zhangw/BCBSR_BIOINFORMATICS/hkates/TEMI/GE-8124_scrnaseq/work_gexcmo/singularity/depot.galaxyproject.org-singularity-python-3.9--1.img
Jul-28 08:51:13.450 [Actor Thread 23] DEBUG nextflow.container.SingularityCache - Singularity found local store for image=https://depot.galaxyproject.org/singularity/fastqc:0.12.1--hdfd78af_0; path=/blue/zhangw/BCBSR_BIOINFORMATICS/hkates/TEMI/GE-8124_scrnaseq/work_gexcmo/singularity/depot.galaxyproject.org-singularity-fastqc-0.12.1--hdfd78af_0.img
Jul-28 08:51:13.453 [Actor Thread 2] DEBUG nextflow.sort.BigSort - Sort completed -- entries: 1; slices: 1; internal sort time: 0.0 s; external sort time: 0.008 s; total time: 0.008 s
Jul-28 08:51:13.454 [Actor Thread 15] DEBUG nextflow.sort.BigSort - Sort completed -- entries: 1; slices: 1; internal sort time: 0.0 s; external sort time: 0.009 s; total time: 0.009 s
Jul-28 08:51:13.455 [Actor Thread 15] DEBUG nextflow.file.FileCollector - >> temp file exists? false
Jul-28 08:51:13.455 [Actor Thread 2] DEBUG nextflow.file.FileCollector - >> temp file exists? false
Jul-28 08:51:13.455 [Actor Thread 2] DEBUG nextflow.file.FileCollector - Missed collect-file cache -- cause: java.nio.file.NoSuchFileException: /blue/zhangw/BCBSR_BIOINFORMATICS/hkates/TEMI/GE-8124_scrnaseq/work_gexcmo/collect-file/19351625b3ce438a6233b002feef367c
Jul-28 08:51:13.455 [Actor Thread 15] DEBUG nextflow.file.FileCollector - Missed collect-file cache -- cause: java.nio.file.NoSuchFileException: /blue/zhangw/BCBSR_BIOINFORMATICS/hkates/TEMI/GE-8124_scrnaseq/work_gexcmo/collect-file/1b88f89401ac23f810d783988e0846c4
Jul-28 08:51:13.458 [Actor Thread 2] DEBUG nextflow.file.FileCollector - Saved collect-files list to: /blue/zhangw/BCBSR_BIOINFORMATICS/hkates/TEMI/GE-8124_scrnaseq/work_gexcmo/collect-file/19351625b3ce438a6233b002feef367c
Jul-28 08:51:13.458 [Actor Thread 15] DEBUG nextflow.file.FileCollector - Saved collect-files list to: /blue/zhangw/BCBSR_BIOINFORMATICS/hkates/TEMI/GE-8124_scrnaseq/work_gexcmo/collect-file/1b88f89401ac23f810d783988e0846c4
Jul-28 08:51:13.462 [Actor Thread 8] DEBUG nextflow.util.HashBuilder - Hash asset file sha-256: /home/hkates/.nextflow/assets/nf-core/scrnaseq/bin/check_cellrangermulti.py
Jul-28 08:51:13.462 [Actor Thread 17] DEBUG nextflow.util.HashBuilder - Hash asset file sha-256: /home/hkates/.nextflow/assets/nf-core/scrnaseq/bin/filter_gtf_for_genes_in_genome.py
Jul-28 08:51:13.462 [Actor Thread 15] DEBUG nextflow.file.FileCollector - Deleting file collector temp dir: /scratch/local/8602923/nxf-17536397372949533754
Jul-28 08:51:13.463 [Actor Thread 2] DEBUG nextflow.file.FileCollector - Deleting file collector temp dir: /scratch/local/8602923/nxf-9434762777717217919
Jul-28 08:51:13.493 [Actor Thread 18] INFO  nextflow.processor.TaskProcessor - [b9/8cc470] Cached process > NFCORE_SCRNASEQ:SCRNASEQ:FASTQC_CHECK:FASTQC (AT)
Jul-28 08:51:13.493 [Actor Thread 9] INFO  nextflow.processor.TaskProcessor - [bf/3418ed] Cached process > NFCORE_SCRNASEQ:SCRNASEQ:FASTQC_CHECK:FASTQC (YT)
Jul-28 08:51:13.493 [Actor Thread 12] INFO  nextflow.processor.TaskProcessor - [d1/5b7d4d] Cached process > NFCORE_SCRNASEQ:SCRNASEQ:FASTQC_CHECK:FASTQC (AL)
Jul-28 08:51:13.494 [Actor Thread 17] INFO  nextflow.processor.TaskProcessor - [da/908195] Cached process > NFCORE_SCRNASEQ:SCRNASEQ:GTF_GENE_FILTER (Mus_musculus.GRCm39.dna_sm.primary_assembly.fa)
Jul-28 08:51:13.494 [Actor Thread 1] INFO  nextflow.processor.TaskProcessor - [55/33f8b2] Cached process > NFCORE_SCRNASEQ:SCRNASEQ:FASTQC_CHECK:FASTQC (YL)
Jul-28 08:51:13.498 [Actor Thread 8] INFO  nextflow.processor.TaskProcessor - [89/d1bc77] Cached process > NFCORE_SCRNASEQ:SCRNASEQ:CELLRANGER_MULTI_ALIGN:PARSE_CELLRANGERMULTI_SAMPLESHEET
Jul-28 08:51:13.521 [Actor Thread 6] DEBUG nextflow.container.SingularityCache - Singularity found local store for image=docker://quay.io/nf-core/cellranger:8.0.0; path=/blue/zhangw/BCBSR_BIOINFORMATICS/hkates/TEMI/GE-8124_scrnaseq/work_gexcmo/singularity/quay.io-nf-core-cellranger-8.0.0.img
Jul-28 08:51:13.536 [Actor Thread 18] DEBUG nextflow.util.ThreadPoolBuilder - Creating thread pool 'PublishDir' minSize=10; maxSize=48; workQueue=LinkedBlockingQueue[-1]; allowCoreThreadTimeout=false
Jul-28 08:51:13.541 [Actor Thread 3] INFO  nextflow.processor.TaskProcessor - [67/2821b1] Cached process > NFCORE_SCRNASEQ:SCRNASEQ:CELLRANGER_MULTI_ALIGN:CELLRANGER_MKGTF (Mus_musculus.GRCm39.dna_sm.primary_assembly_genes.gtf)
Jul-28 08:51:13.564 [Actor Thread 24] INFO  nextflow.processor.TaskProcessor - [59/4f068e] Cached process > NFCORE_SCRNASEQ:SCRNASEQ:CELLRANGER_MULTI_ALIGN:CELLRANGER_MKREF (Mus_musculus.GRCm39.dna_sm.primary_assembly.fa)
Jul-28 08:51:13.575 [Actor Thread 14] INFO  nextflow.processor.TaskProcessor - [00/c705f9] Cached process > NFCORE_SCRNASEQ:SCRNASEQ:CELLRANGER_MULTI_ALIGN:CELLRANGER_MKVDJREF (Mus_musculus.GRCm39.dna_sm.primary_assembly.fa)
Jul-28 08:51:13.580 [Task submitter] DEBUG nextflow.executor.GridTaskHandler - [SLURM] submitted process NFCORE_SCRNASEQ:SCRNASEQ:FASTQC_CHECK:FASTQC (AL) > jobId: 8603125; workDir: /blue/zhangw/BCBSR_BIOINFORMATICS/hkates/TEMI/GE-8124_scrnaseq/work_gexcmo/41/05a4c402b83a43d7643237a608c7eb
Jul-28 08:51:13.581 [Task submitter] INFO  nextflow.Session - [41/05a4c4] Submitted process > NFCORE_SCRNASEQ:SCRNASEQ:FASTQC_CHECK:FASTQC (AL)
Jul-28 08:51:13.587 [Actor Thread 8] DEBUG nextflow.processor.TaskProcessor - Process NFCORE_SCRNASEQ:SCRNASEQ:CELLRANGER_MULTI_ALIGN:PARSE_CELLRANGERMULTI_SAMPLESHEET > Skipping output binding because one or more optional files are missing: fileoutparam<1>
Jul-28 08:51:13.611 [Task submitter] DEBUG nextflow.executor.GridTaskHandler - [SLURM] submitted process NFCORE_SCRNASEQ:SCRNASEQ:FASTQC_CHECK:FASTQC (AT) > jobId: 8603126; workDir: /blue/zhangw/BCBSR_BIOINFORMATICS/hkates/TEMI/GE-8124_scrnaseq/work_gexcmo/94/3cc950b85292ba86343a2e8d086101
Jul-28 08:51:13.611 [Task submitter] INFO  nextflow.Session - [94/3cc950] Submitted process > NFCORE_SCRNASEQ:SCRNASEQ:FASTQC_CHECK:FASTQC (AT)
Jul-28 08:51:13.629 [Task submitter] DEBUG nextflow.executor.GridTaskHandler - [SLURM] submitted process NFCORE_SCRNASEQ:SCRNASEQ:FASTQC_CHECK:FASTQC (YT) > jobId: 8603127; workDir: /blue/zhangw/BCBSR_BIOINFORMATICS/hkates/TEMI/GE-8124_scrnaseq/work_gexcmo/60/910a31896d5c2e876cce3cef57a290
Jul-28 08:51:13.630 [Task submitter] INFO  nextflow.Session - [60/910a31] Submitted process > NFCORE_SCRNASEQ:SCRNASEQ:FASTQC_CHECK:FASTQC (YT)
Jul-28 08:51:13.646 [Task submitter] DEBUG nextflow.executor.GridTaskHandler - [SLURM] submitted process NFCORE_SCRNASEQ:SCRNASEQ:FASTQC_CHECK:FASTQC (YL) > jobId: 8603128; workDir: /blue/zhangw/BCBSR_BIOINFORMATICS/hkates/TEMI/GE-8124_scrnaseq/work_gexcmo/b3/bd6fe5ea47330c7ab8456cc8db4a93
Jul-28 08:51:13.646 [Task submitter] INFO  nextflow.Session - [b3/bd6fe5] Submitted process > NFCORE_SCRNASEQ:SCRNASEQ:FASTQC_CHECK:FASTQC (YL)
Jul-28 08:51:13.702 [Actor Thread 15] DEBUG nextflow.util.HashBuilder - Hash asset file sha-256: /home/hkates/.nextflow/assets/nf-core/scrnaseq/assets/EMPTY
Jul-28 08:51:13.728 [Task submitter] DEBUG nextflow.executor.GridTaskHandler - [SLURM] submitted process NFCORE_SCRNASEQ:SCRNASEQ:CELLRANGER_MULTI_ALIGN:CELLRANGER_MULTI (AT) > jobId: 8603129; workDir: /blue/zhangw/BCBSR_BIOINFORMATICS/hkates/TEMI/GE-8124_scrnaseq/work_gexcmo/1a/9c53a1e999ba8a6b970f14007e7f20
Jul-28 08:51:13.728 [Task submitter] INFO  nextflow.Session - [1a/9c53a1] Submitted process > NFCORE_SCRNASEQ:SCRNASEQ:CELLRANGER_MULTI_ALIGN:CELLRANGER_MULTI (AT)
Jul-28 08:51:13.745 [Task submitter] DEBUG nextflow.executor.GridTaskHandler - [SLURM] submitted process NFCORE_SCRNASEQ:SCRNASEQ:CELLRANGER_MULTI_ALIGN:CELLRANGER_MULTI (AL) > jobId: 8603130; workDir: /blue/zhangw/BCBSR_BIOINFORMATICS/hkates/TEMI/GE-8124_scrnaseq/work_gexcmo/fa/1b10c91dcc1b2700d08b00e9760bce
Jul-28 08:51:13.746 [Task submitter] INFO  nextflow.Session - [fa/1b10c9] Submitted process > NFCORE_SCRNASEQ:SCRNASEQ:CELLRANGER_MULTI_ALIGN:CELLRANGER_MULTI (AL)
Jul-28 08:51:13.762 [Task submitter] DEBUG nextflow.executor.GridTaskHandler - [SLURM] submitted process NFCORE_SCRNASEQ:SCRNASEQ:CELLRANGER_MULTI_ALIGN:CELLRANGER_MULTI (YT) > jobId: 8603131; workDir: /blue/zhangw/BCBSR_BIOINFORMATICS/hkates/TEMI/GE-8124_scrnaseq/work_gexcmo/69/37b582684a050f5925081610e5ca39
Jul-28 08:51:13.762 [Task submitter] INFO  nextflow.Session - [69/37b582] Submitted process > NFCORE_SCRNASEQ:SCRNASEQ:CELLRANGER_MULTI_ALIGN:CELLRANGER_MULTI (YT)
Jul-28 08:51:13.783 [Task submitter] DEBUG nextflow.executor.GridTaskHandler - [SLURM] submitted process NFCORE_SCRNASEQ:SCRNASEQ:CELLRANGER_MULTI_ALIGN:CELLRANGER_MULTI (YL) > jobId: 8603132; workDir: /blue/zhangw/BCBSR_BIOINFORMATICS/hkates/TEMI/GE-8124_scrnaseq/work_gexcmo/45/8d18da353408e26dc9bb7e296182ce
Jul-28 08:51:13.783 [Task submitter] INFO  nextflow.Session - [45/8d18da] Submitted process > NFCORE_SCRNASEQ:SCRNASEQ:CELLRANGER_MULTI_ALIGN:CELLRANGER_MULTI (YL)
Jul-28 08:54:23.156 [Task monitor] DEBUG n.processor.TaskPollingMonitor - Task completed > TaskHandler[jobId: 8603130; id: 17; name: NFCORE_SCRNASEQ:SCRNASEQ:CELLRANGER_MULTI_ALIGN:CELLRANGER_MULTI (AL); status: COMPLETED; exit: 1; error: -; workDir: /blue/zhangw/BCBSR_BIOINFORMATICS/hkates/TEMI/GE-8124_scrnaseq/work_gexcmo/fa/1b10c91dcc1b2700d08b00e9760bce started: 1753707253163; exited: 2025-07-28T12:54:21Z; ]
Jul-28 08:54:23.157 [Task monitor] DEBUG nextflow.util.ThreadPoolBuilder - Creating thread pool 'TaskFinalizer' minSize=10; maxSize=48; workQueue=LinkedBlockingQueue[-1]; allowCoreThreadTimeout=false
Jul-28 08:54:23.161 [Task monitor] DEBUG n.processor.TaskPollingMonitor - Task completed > TaskHandler[jobId: 8603131; id: 14; name: NFCORE_SCRNASEQ:SCRNASEQ:CELLRANGER_MULTI_ALIGN:CELLRANGER_MULTI (YT); status: COMPLETED; exit: 1; error: -; workDir: /blue/zhangw/BCBSR_BIOINFORMATICS/hkates/TEMI/GE-8124_scrnaseq/work_gexcmo/69/37b582684a050f5925081610e5ca39 started: 1753707253165; exited: 2025-07-28T12:54:22Z; ]
Jul-28 08:54:23.163 [Task monitor] DEBUG n.processor.TaskPollingMonitor - Task completed > TaskHandler[jobId: 8603132; id: 15; name: NFCORE_SCRNASEQ:SCRNASEQ:CELLRANGER_MULTI_ALIGN:CELLRANGER_MULTI (YL); status: COMPLETED; exit: 1; error: -; workDir: /blue/zhangw/BCBSR_BIOINFORMATICS/hkates/TEMI/GE-8124_scrnaseq/work_gexcmo/45/8d18da353408e26dc9bb7e296182ce started: 1753707253166; exited: 2025-07-28T12:54:21Z; ]
Jul-28 08:54:23.165 [TaskFinalizer-1] DEBUG nextflow.processor.TaskProcessor - Handling unexpected condition for
  task: name=NFCORE_SCRNASEQ:SCRNASEQ:CELLRANGER_MULTI_ALIGN:CELLRANGER_MULTI (AL); work-dir=/blue/zhangw/BCBSR_BIOINFORMATICS/hkates/TEMI/GE-8124_scrnaseq/work_gexcmo/fa/1b10c91dcc1b2700d08b00e9760bce
  error [nextflow.exception.ProcessFailedException]: Process `NFCORE_SCRNASEQ:SCRNASEQ:CELLRANGER_MULTI_ALIGN:CELLRANGER_MULTI (AL)` terminated with an error exit status (1)
Jul-28 08:54:23.169 [TaskFinalizer-1] INFO  nextflow.processor.TaskProcessor - [fa/1b10c9] NOTE: Process `NFCORE_SCRNASEQ:SCRNASEQ:CELLRANGER_MULTI_ALIGN:CELLRANGER_MULTI (AL)` terminated with an error exit status (1) -- Execution is retried (1)
Jul-28 08:54:23.170 [TaskFinalizer-3] DEBUG nextflow.processor.TaskProcessor - Handling unexpected condition for
  task: name=NFCORE_SCRNASEQ:SCRNASEQ:CELLRANGER_MULTI_ALIGN:CELLRANGER_MULTI (YL); work-dir=/blue/zhangw/BCBSR_BIOINFORMATICS/hkates/TEMI/GE-8124_scrnaseq/work_gexcmo/45/8d18da353408e26dc9bb7e296182ce
  error [nextflow.exception.ProcessFailedException]: Process `NFCORE_SCRNASEQ:SCRNASEQ:CELLRANGER_MULTI_ALIGN:CELLRANGER_MULTI (YL)` terminated with an error exit status (1)
Jul-28 08:54:23.171 [TaskFinalizer-3] INFO  nextflow.processor.TaskProcessor - [45/8d18da] NOTE: Process `NFCORE_SCRNASEQ:SCRNASEQ:CELLRANGER_MULTI_ALIGN:CELLRANGER_MULTI (YL)` terminated with an error exit status (1) -- Execution is retried (1)
Jul-28 08:54:23.171 [TaskFinalizer-2] DEBUG nextflow.processor.TaskProcessor - Handling unexpected condition for
  task: name=NFCORE_SCRNASEQ:SCRNASEQ:CELLRANGER_MULTI_ALIGN:CELLRANGER_MULTI (YT); work-dir=/blue/zhangw/BCBSR_BIOINFORMATICS/hkates/TEMI/GE-8124_scrnaseq/work_gexcmo/69/37b582684a050f5925081610e5ca39
  error [nextflow.exception.ProcessFailedException]: Process `NFCORE_SCRNASEQ:SCRNASEQ:CELLRANGER_MULTI_ALIGN:CELLRANGER_MULTI (YT)` terminated with an error exit status (1)
Jul-28 08:54:23.171 [TaskFinalizer-2] INFO  nextflow.processor.TaskProcessor - [69/37b582] NOTE: Process `NFCORE_SCRNASEQ:SCRNASEQ:CELLRANGER_MULTI_ALIGN:CELLRANGER_MULTI (YT)` terminated with an error exit status (1) -- Execution is retried (1)
Jul-28 08:54:23.248 [Task submitter] DEBUG nextflow.executor.GridTaskHandler - [SLURM] submitted process NFCORE_SCRNASEQ:SCRNASEQ:CELLRANGER_MULTI_ALIGN:CELLRANGER_MULTI (YT) > jobId: 8603309; workDir: /blue/zhangw/BCBSR_BIOINFORMATICS/hkates/TEMI/GE-8124_scrnaseq/work_gexcmo/77/bc83e5c3cc244d1dcab611e1c469dd
Jul-28 08:54:23.248 [Task submitter] INFO  nextflow.Session - [77/bc83e5] Re-submitted process > NFCORE_SCRNASEQ:SCRNASEQ:CELLRANGER_MULTI_ALIGN:CELLRANGER_MULTI (YT)
Jul-28 08:54:23.266 [Task submitter] DEBUG nextflow.executor.GridTaskHandler - [SLURM] submitted process NFCORE_SCRNASEQ:SCRNASEQ:CELLRANGER_MULTI_ALIGN:CELLRANGER_MULTI (YL) > jobId: 8603310; workDir: /blue/zhangw/BCBSR_BIOINFORMATICS/hkates/TEMI/GE-8124_scrnaseq/work_gexcmo/71/219c098ca70c560e50be629560710b
Jul-28 08:54:23.266 [Task submitter] INFO  nextflow.Session - [71/219c09] Re-submitted process > NFCORE_SCRNASEQ:SCRNASEQ:CELLRANGER_MULTI_ALIGN:CELLRANGER_MULTI (YL)
Jul-28 08:54:23.286 [Task submitter] DEBUG nextflow.executor.GridTaskHandler - [SLURM] submitted process NFCORE_SCRNASEQ:SCRNASEQ:CELLRANGER_MULTI_ALIGN:CELLRANGER_MULTI (AL) > jobId: 8603311; workDir: /blue/zhangw/BCBSR_BIOINFORMATICS/hkates/TEMI/GE-8124_scrnaseq/work_gexcmo/b0/16b0a0ca64054ce5547760fe72c6bd
Jul-28 08:54:23.287 [Task submitter] INFO  nextflow.Session - [b0/16b0a0] Re-submitted process > NFCORE_SCRNASEQ:SCRNASEQ:CELLRANGER_MULTI_ALIGN:CELLRANGER_MULTI (AL)
Jul-28 08:54:28.173 [Task monitor] DEBUG n.processor.TaskPollingMonitor - Task completed > TaskHandler[jobId: 8603129; id: 16; name: NFCORE_SCRNASEQ:SCRNASEQ:CELLRANGER_MULTI_ALIGN:CELLRANGER_MULTI (AT); status: COMPLETED; exit: 1; error: -; workDir: /blue/zhangw/BCBSR_BIOINFORMATICS/hkates/TEMI/GE-8124_scrnaseq/work_gexcmo/1a/9c53a1e999ba8a6b970f14007e7f20 started: 1753707253162; exited: 2025-07-28T12:54:24Z; ]
Jul-28 08:54:28.175 [TaskFinalizer-4] DEBUG nextflow.processor.TaskProcessor - Handling unexpected condition for
  task: name=NFCORE_SCRNASEQ:SCRNASEQ:CELLRANGER_MULTI_ALIGN:CELLRANGER_MULTI (AT); work-dir=/blue/zhangw/BCBSR_BIOINFORMATICS/hkates/TEMI/GE-8124_scrnaseq/work_gexcmo/1a/9c53a1e999ba8a6b970f14007e7f20
  error [nextflow.exception.ProcessFailedException]: Process `NFCORE_SCRNASEQ:SCRNASEQ:CELLRANGER_MULTI_ALIGN:CELLRANGER_MULTI (AT)` terminated with an error exit status (1)
Jul-28 08:54:28.176 [TaskFinalizer-4] INFO  nextflow.processor.TaskProcessor - [1a/9c53a1] NOTE: Process `NFCORE_SCRNASEQ:SCRNASEQ:CELLRANGER_MULTI_ALIGN:CELLRANGER_MULTI (AT)` terminated with an error exit status (1) -- Execution is retried (1)
Jul-28 08:54:28.241 [Task submitter] DEBUG nextflow.executor.GridTaskHandler - [SLURM] submitted process NFCORE_SCRNASEQ:SCRNASEQ:CELLRANGER_MULTI_ALIGN:CELLRANGER_MULTI (AT) > jobId: 8603312; workDir: /blue/zhangw/BCBSR_BIOINFORMATICS/hkates/TEMI/GE-8124_scrnaseq/work_gexcmo/2e/b9dcb4bb30b96fe5c89ab07655ee1c
Jul-28 08:54:28.241 [Task submitter] INFO  nextflow.Session - [2e/b9dcb4] Re-submitted process > NFCORE_SCRNASEQ:SCRNASEQ:CELLRANGER_MULTI_ALIGN:CELLRANGER_MULTI (AT)
Jul-28 08:56:18.155 [Task monitor] DEBUG n.processor.TaskPollingMonitor - !! executor slurm > tasks to be completed: 8 -- submitted tasks are shown below
~> TaskHandler[jobId: 8603125; id: 6; name: NFCORE_SCRNASEQ:SCRNASEQ:FASTQC_CHECK:FASTQC (AL); status: RUNNING; exit: -; error: -; workDir: /blue/zhangw/BCBSR_BIOINFORMATICS/hkates/TEMI/GE-8124_scrnaseq/work_gexcmo/41/05a4c402b83a43d7643237a608c7eb started: 1753707253152; exited: -; ]
~> TaskHandler[jobId: 8603126; id: 5; name: NFCORE_SCRNASEQ:SCRNASEQ:FASTQC_CHECK:FASTQC (AT); status: RUNNING; exit: -; error: -; workDir: /blue/zhangw/BCBSR_BIOINFORMATICS/hkates/TEMI/GE-8124_scrnaseq/work_gexcmo/94/3cc950b85292ba86343a2e8d086101 started: 1753707253158; exited: -; ]
~> TaskHandler[jobId: 8603127; id: 3; name: NFCORE_SCRNASEQ:SCRNASEQ:FASTQC_CHECK:FASTQC (YT); status: RUNNING; exit: -; error: -; workDir: /blue/zhangw/BCBSR_BIOINFORMATICS/hkates/TEMI/GE-8124_scrnaseq/work_gexcmo/60/910a31896d5c2e876cce3cef57a290 started: 1753707253159; exited: -; ]
~> TaskHandler[jobId: 8603128; id: 4; name: NFCORE_SCRNASEQ:SCRNASEQ:FASTQC_CHECK:FASTQC (YL); status: RUNNING; exit: -; error: -; workDir: /blue/zhangw/BCBSR_BIOINFORMATICS/hkates/TEMI/GE-8124_scrnaseq/work_gexcmo/b3/bd6fe5ea47330c7ab8456cc8db4a93 started: 1753707253161; exited: -; ]
~> TaskHandler[jobId: 8603309; id: 20; name: NFCORE_SCRNASEQ:SCRNASEQ:CELLRANGER_MULTI_ALIGN:CELLRANGER_MULTI (YT); status: SUBMITTED; exit: -; error: -; workDir: /blue/zhangw/BCBSR_BIOINFORMATICS/hkates/TEMI/GE-8124_scrnaseq/work_gexcmo/77/bc83e5c3cc244d1dcab611e1c469dd started: -; exited: -; ]
~> TaskHandler[jobId: 8603310; id: 19; name: NFCORE_SCRNASEQ:SCRNASEQ:CELLRANGER_MULTI_ALIGN:CELLRANGER_MULTI (YL); status: SUBMITTED; exit: -; error: -; workDir: /blue/zhangw/BCBSR_BIOINFORMATICS/hkates/TEMI/GE-8124_scrnaseq/work_gexcmo/71/219c098ca70c560e50be629560710b started: -; exited: -; ]
~> TaskHandler[jobId: 8603311; id: 18; name: NFCORE_SCRNASEQ:SCRNASEQ:CELLRANGER_MULTI_ALIGN:CELLRANGER_MULTI (AL); status: SUBMITTED; exit: -; error: -; workDir: /blue/zhangw/BCBSR_BIOINFORMATICS/hkates/TEMI/GE-8124_scrnaseq/work_gexcmo/b0/16b0a0ca64054ce5547760fe72c6bd started: -; exited: -; ]
~> TaskHandler[jobId: 8603312; id: 21; name: NFCORE_SCRNASEQ:SCRNASEQ:CELLRANGER_MULTI_ALIGN:CELLRANGER_MULTI (AT); status: SUBMITTED; exit: -; error: -; workDir: /blue/zhangw/BCBSR_BIOINFORMATICS/hkates/TEMI/GE-8124_scrnaseq/work_gexcmo/2e/b9dcb4bb30b96fe5c89ab07655ee1c started: -; exited: -; ]
Jul-28 08:57:33.158 [Task monitor] DEBUG n.processor.TaskPollingMonitor - Task completed > TaskHandler[jobId: 8603309; id: 20; name: NFCORE_SCRNASEQ:SCRNASEQ:CELLRANGER_MULTI_ALIGN:CELLRANGER_MULTI (YT); status: COMPLETED; exit: 1; error: -; workDir: /blue/zhangw/BCBSR_BIOINFORMATICS/hkates/TEMI/GE-8124_scrnaseq/work_gexcmo/77/bc83e5c3cc244d1dcab611e1c469dd started: 1753707438157; exited: 2025-07-28T12:57:32Z; ]
Jul-28 08:57:33.161 [Task monitor] DEBUG n.processor.TaskPollingMonitor - Task completed > TaskHandler[jobId: 8603310; id: 19; name: NFCORE_SCRNASEQ:SCRNASEQ:CELLRANGER_MULTI_ALIGN:CELLRANGER_MULTI (YL); status: COMPLETED; exit: 1; error: -; workDir: /blue/zhangw/BCBSR_BIOINFORMATICS/hkates/TEMI/GE-8124_scrnaseq/work_gexcmo/71/219c098ca70c560e50be629560710b started: 1753707438159; exited: 2025-07-28T12:57:32Z; ]
Jul-28 08:57:33.161 [TaskFinalizer-5] DEBUG nextflow.processor.TaskProcessor - Handling unexpected condition for
  task: name=NFCORE_SCRNASEQ:SCRNASEQ:CELLRANGER_MULTI_ALIGN:CELLRANGER_MULTI (YT); work-dir=/blue/zhangw/BCBSR_BIOINFORMATICS/hkates/TEMI/GE-8124_scrnaseq/work_gexcmo/77/bc83e5c3cc244d1dcab611e1c469dd
  error [nextflow.exception.ProcessFailedException]: Process `NFCORE_SCRNASEQ:SCRNASEQ:CELLRANGER_MULTI_ALIGN:CELLRANGER_MULTI (YT)` terminated with an error exit status (1)
Jul-28 08:57:33.164 [Task monitor] DEBUG n.processor.TaskPollingMonitor - Task completed > TaskHandler[jobId: 8603311; id: 18; name: NFCORE_SCRNASEQ:SCRNASEQ:CELLRANGER_MULTI_ALIGN:CELLRANGER_MULTI (AL); status: COMPLETED; exit: 1; error: -; workDir: /blue/zhangw/BCBSR_BIOINFORMATICS/hkates/TEMI/GE-8124_scrnaseq/work_gexcmo/b0/16b0a0ca64054ce5547760fe72c6bd started: 1753707438161; exited: 2025-07-28T12:57:33Z; ]
Jul-28 08:57:33.166 [Task monitor] DEBUG n.processor.TaskPollingMonitor - Task completed > TaskHandler[jobId: 8603312; id: 21; name: NFCORE_SCRNASEQ:SCRNASEQ:CELLRANGER_MULTI_ALIGN:CELLRANGER_MULTI (AT); status: COMPLETED; exit: 1; error: -; workDir: /blue/zhangw/BCBSR_BIOINFORMATICS/hkates/TEMI/GE-8124_scrnaseq/work_gexcmo/2e/b9dcb4bb30b96fe5c89ab07655ee1c started: 1753707438162; exited: 2025-07-28T12:57:33Z; ]
Jul-28 08:57:33.181 [TaskFinalizer-5] ERROR nextflow.processor.TaskProcessor - Error executing process > 'NFCORE_SCRNASEQ:SCRNASEQ:CELLRANGER_MULTI_ALIGN:CELLRANGER_MULTI (YT)'

Caused by:
  Process `NFCORE_SCRNASEQ:SCRNASEQ:CELLRANGER_MULTI_ALIGN:CELLRANGER_MULTI (YT)` terminated with an error exit status (1)


Command executed [/home/hkates/.nextflow/assets/nf-core/scrnaseq/modules/nf-core/cellranger/multi/templates/cellranger_multi.py]:

  #!/usr/bin/env python3
  """
  Automatically rename staged files for input into cellranger multi and run it.
  
  Copyright (c) Felipe Almeida 2024 - MIT License
  """
  
  from subprocess import run
  from pathlib import Path
  from textwrap import dedent
  import shlex
  import re
  
  
  def chunk_iter(seq, size):
      """iterate over `seq` in chunks of `size`"""
      return (seq[pos : pos + size] for pos in range(0, len(seq), size))
  
  
  sample_id = "YT"
  EMPTY_FILE = "EMPTY"
  
  # target directory in which the renamed fastqs will be placed
  fastq_all = Path("./fastq_all")
  fastq_all.mkdir(exist_ok=True)
  
  # Match R1 in the filename, but only if it is followed by a non-digit or non-character
  # match "file_R1.fastq.gz", "file.R1_000.fastq.gz", etc. but
  # do not match "SRR12345", "file_INFIXR12", etc
  filename_pattern = r"([^a-zA-Z0-9])R1([^a-zA-Z0-9])"
  
  for modality in ["gex", "vdj", "ab", "beam", "cmo", "cirspr"]:
      # get fastqs, ordered by path. Files are staged into
      #   - "fastq_001/{original_name.fastq.gz}"
      #   - "fastq_002/{original_name.fastq.gz}"
      #   - ...
      # Since we require fastq files in the input channel to be ordered such that a R1/R2 pair
      # of files follows each other, ordering will get us a sequence of [R1, R2, R1, R2, ...]
      fastqs = sorted(p for p in Path(".").glob(f"fastqs/{modality}/*/*") if p.name != EMPTY_FILE)
      assert len(fastqs) % 2 == 0
  
      # target directory in which the renamed fastqs will be placed
      final_dir = fastq_all / modality
      final_dir.mkdir(exist_ok=True)
  
      for i, (r1, r2) in enumerate(chunk_iter(fastqs, 2), start=1):
          # will we rename the files or just move it with the same name to
          # the 'fastq_all' directory which is where files are expected?
          if "false" == "true":  # nf variables are true/false, which are different from Python
              resolved_name_r1 = r1.name
              resolved_name_r2 = r2.name
  
          else:
              # double escapes are required because nextflow processes this python 'template'
              if re.sub(filename_pattern, r"\1R2\2", r1.name) != r2.name:
                  raise AssertionError(
                      dedent(
                          f"""                        We expect R1 and R2 of the same sample to have the same filename except for R1/R2.
                          This has been checked by replacing "R1" with "R2" in the first filename and comparing it to the second filename.
                          If you believe this check shouldn't have failed on your filenames, please report an issue on GitHub!
  
                          Files involved:
                              - {r1}
                              - {r2}
                          """
                      )
                  )
  
              resolved_name_r1 = f"{sample_id}_S1_L{i:03d}_R1_001.fastq.gz"
              resolved_name_r2 = f"{sample_id}_S1_L{i:03d}_R2_001.fastq.gz"
  
          # rename or just move
          r1.rename(final_dir / resolved_name_r1)
          r2.rename(final_dir / resolved_name_r2)
  
  #
  # fix relative paths from main.nf
  #
  work_dir = str(Path.cwd()) + "/"
  gex_reference_path = "reference,./references/gex/gex_reference".replace("./", work_dir)
  frna_probeset = "".replace("./", work_dir)
  target_panel = "".replace("./", work_dir)
  cmo_reference_path = "cmo-set,./references/cmo/cmo_reference.csv".replace("./", work_dir)
  cmo_barcode_path = "".replace("./", work_dir)
  fb_reference_path = "".replace("./", work_dir)
  vdj_reference_path = "".replace("./", work_dir)
  primer_index = "".replace("./", work_dir)
  fastq_gex = "YT,./fastq_all/gex,,Gene Expression".replace("./", work_dir)
  fastq_vdj = "".replace("./", work_dir)
  fastq_antibody = "".replace("./", work_dir)
  fastq_beam = "".replace("./", work_dir)
  fastq_crispr = "".replace("./", work_dir)
  fastq_cmo = "YT,./fastq_all/cmo,,Multiplexing Capture".replace("./", work_dir)
  
  #
  # generate config file for cellranger multi
  #
  config_txt = f"""[gene-expression]
  {gex_reference_path}
  {frna_probeset}
  
  
  
  
  
  
  
  create-bam,true
  
  {target_panel}
  
  
  
  {cmo_reference_path}
  {cmo_barcode_path}
  
  
  {fb_reference_path}
  
  
  
  
  {vdj_reference_path}
  {primer_index}
  
  
  
  [libraries]
  fastq_id,fastqs,lanes,feature_types
  {fastq_gex}
  {fastq_vdj}
  {fastq_antibody}
  {fastq_beam}
  {fastq_crispr}
  {fastq_cmo}
  """
  
  #
  # check the extra data that is included
  #
  if len("[samples]") > 0:
      with open("references/cmo/barcodes/YT_cmo.csv", "r") as input_conf:
          config_txt = config_txt + "\n[samples]\n" + input_conf.read() + "\n"
  
  if len("") > 0:
      with open("", "r") as input_conf, open("", "r") as input_csv:
          config_txt = config_txt + "\n\n" + input_conf.read() + "\n"
          config_txt = config_txt + "[feature]\n" + input_csv.read() + "\n"
  
  if len("") > 0:
      with open("", "r") as input_conf:
          config_txt = config_txt + "\n\n" + input_conf.read() + "\n"
  
  # Remove blank lines from config text
  config_txt = "\n".join([line for line in config_txt.split("\n") if line.strip() != ""])
  
  # Save config file
  with open("cellranger_multi_config.csv", "w") as file:
      file.write(config_txt)
  
  #
  # run cellranger multi
  #
  run(
      # fmt: off
      [
          "cellranger",
          "multi",
          f"--id={sample_id}",
          "--csv=cellranger_multi_config.csv",
          "--localcores=24",
          "--localmem=144",
          *shlex.split(""""""),
      ],
      # fmt: on
      check=True,
  )
  
  # Output version information
  version = run(
      ["cellranger", "-V"],
      text=True,
      check=True,
      capture_output=True,
  ).stdout.replace("cellranger cellranger-", "")
  
  # alas, no `pyyaml` pre-installed in the cellranger container
  with open("versions.yml", "w") as f:
      f.write('"NFCORE_SCRNASEQ:SCRNASEQ:CELLRANGER_MULTI_ALIGN:CELLRANGER_MULTI":\n')
      f.write(f'  cellranger: "{version}"\n')

Command exit status:
  1

Command output:
  Martian Runtime - v4.0.12
  Serving UI at http://c0706a-s23.ufhpc:45055?auth=nyB_Cw022j4cs_L4W_gSCJzr1WAExnWhG_FB3hGmnJ0
  
  Running preflight checks (please wait)...
  
  [error] Pipestance failed. Error log at:
  YT/SC_MULTI_CS/MULTI_PREFLIGHT/fork0/chnk0-u00a08773ad/_errors
  
  Log message:
  Invalid pattern: 'CGTACGAGATCT'. The pattern must optionally start with '5P', optionally end with '3P', contain exactly one instance of the string '(BC)' and otherwise contain only the characters A, C, G, T, and N.
  
  Waiting 6 seconds for UI to do final refresh.
  Pipestance failed. Use --noexit option to keep UI running after failure.
  
  2025-07-28 08:57:32 Shutting down.
  Saving pipestance info to "YT/YT.mri.tgz"
  For assistance, upload this file to 10x Genomics by running:
  
  cellranger upload <your_email> "YT/YT.mri.tgz"

Command error:
  INFO:    Environment variable SINGULARITYENV_TMPDIR is set, but APPTAINERENV_TMPDIR is preferred
  INFO:    Environment variable SINGULARITYENV_NXF_TASK_WORKDIR is set, but APPTAINERENV_NXF_TASK_WORKDIR is preferred
  INFO:    Environment variable SINGULARITYENV_NXF_DEBUG is set, but APPTAINERENV_NXF_DEBUG is preferred
  
  
  Traceback (most recent call last):
    File ".command.sh", line 164, in <module>
      run(
    File "/opt/conda/lib/python3.10/subprocess.py", line 526, in run
      raise CalledProcessError(retcode, process.args,
  subprocess.CalledProcessError: Command '['cellranger', 'multi', '--id=YT', '--csv=cellranger_multi_config.csv', '--localcores=24', '--localmem=144']' returned non-zero exit status 1.

Work dir:
  /blue/zhangw/BCBSR_BIOINFORMATICS/hkates/TEMI/GE-8124_scrnaseq/work_gexcmo/77/bc83e5c3cc244d1dcab611e1c469dd

Container:
  /blue/zhangw/BCBSR_BIOINFORMATICS/hkates/TEMI/GE-8124_scrnaseq/work_gexcmo/singularity/quay.io-nf-core-cellranger-8.0.0.img

Tip: view the complete command output by changing to the process work dir and entering the command `cat .command.out`
Jul-28 08:57:33.182 [TaskFinalizer-8] DEBUG nextflow.processor.TaskProcessor - Handling unexpected condition for
  task: name=NFCORE_SCRNASEQ:SCRNASEQ:CELLRANGER_MULTI_ALIGN:CELLRANGER_MULTI (AT); work-dir=/blue/zhangw/BCBSR_BIOINFORMATICS/hkates/TEMI/GE-8124_scrnaseq/work_gexcmo/2e/b9dcb4bb30b96fe5c89ab07655ee1c
  error [nextflow.exception.ProcessFailedException]: Process `NFCORE_SCRNASEQ:SCRNASEQ:CELLRANGER_MULTI_ALIGN:CELLRANGER_MULTI (AT)` terminated with an error exit status (1)
Jul-28 08:57:33.183 [TaskFinalizer-7] DEBUG nextflow.processor.TaskProcessor - Handling unexpected condition for
  task: name=NFCORE_SCRNASEQ:SCRNASEQ:CELLRANGER_MULTI_ALIGN:CELLRANGER_MULTI (AL); work-dir=/blue/zhangw/BCBSR_BIOINFORMATICS/hkates/TEMI/GE-8124_scrnaseq/work_gexcmo/b0/16b0a0ca64054ce5547760fe72c6bd
  error [nextflow.exception.ProcessFailedException]: Process `NFCORE_SCRNASEQ:SCRNASEQ:CELLRANGER_MULTI_ALIGN:CELLRANGER_MULTI (AL)` terminated with an error exit status (1)
Jul-28 08:57:33.183 [TaskFinalizer-6] DEBUG nextflow.processor.TaskProcessor - Handling unexpected condition for
  task: name=NFCORE_SCRNASEQ:SCRNASEQ:CELLRANGER_MULTI_ALIGN:CELLRANGER_MULTI (YL); work-dir=/blue/zhangw/BCBSR_BIOINFORMATICS/hkates/TEMI/GE-8124_scrnaseq/work_gexcmo/71/219c098ca70c560e50be629560710b
  error [nextflow.exception.ProcessFailedException]: Process `NFCORE_SCRNASEQ:SCRNASEQ:CELLRANGER_MULTI_ALIGN:CELLRANGER_MULTI (YL)` terminated with an error exit status (1)
Jul-28 08:57:33.184 [TaskFinalizer-5] DEBUG nextflow.Session - Session aborted -- Cause: Process `NFCORE_SCRNASEQ:SCRNASEQ:CELLRANGER_MULTI_ALIGN:CELLRANGER_MULTI (YT)` terminated with an error exit status (1)
Jul-28 08:57:33.193 [TaskFinalizer-5] DEBUG nextflow.Session - The following nodes are still active:
[process] NFCORE_SCRNASEQ:SCRNASEQ:MULTIQC
  status=ACTIVE
  port 0: (value) OPEN  ; channel: multiqc_files
  port 1: (value) bound ; channel: multiqc_config
  port 2: (value) bound ; channel: extra_multiqc_config
  port 3: (value) bound ; channel: multiqc_logo
  port 4: (value) bound ; channel: replace_names
  port 5: (value) bound ; channel: sample_names
  port 6: (cntrl) -     ; channel: $

Jul-28 08:57:33.197 [TaskFinalizer-5] ERROR nextflow.Nextflow - Pipeline failed. Please refer to troubleshooting docs: https://nf-co.re/docs/usage/troubleshooting
Jul-28 08:57:33.197 [Task monitor] DEBUG n.processor.TaskPollingMonitor - <<< barrier arrives (monitor: slurm) - terminating tasks monitor poll loop
Jul-28 08:57:33.197 [main] DEBUG nextflow.Session - Session await > all processes finished
Jul-28 08:57:33.197 [main] DEBUG nextflow.Session - Session await > all barriers passed
Jul-28 08:57:33.200 [Actor Thread 1] DEBUG nextflow.sort.BigSort - Sort completed -- entries: 5; slices: 1; internal sort time: 0.001 s; external sort time: 0.001 s; total time: 0.002 s
Jul-28 08:57:33.200 [Actor Thread 1] DEBUG nextflow.file.FileCollector - >> temp file exists? true
Jul-28 08:57:33.202 [main] INFO  nextflow.Nextflow - -[0;35m[nf-core/scrnaseq][0;31m Pipeline completed with errors[0m-
Jul-28 08:57:33.204 [main] WARN  n.processor.TaskPollingMonitor - Killing running tasks (4)
Jul-28 08:57:33.205 [Actor Thread 1] DEBUG nextflow.file.FileCollector - Retrieved cached collect-files from: /blue/zhangw/BCBSR_BIOINFORMATICS/hkates/TEMI/GE-8124_scrnaseq/work_gexcmo/collect-file/01a47c6326d6d073ca89e0bd70ce984b
Jul-28 08:57:33.206 [Actor Thread 1] DEBUG nextflow.file.FileCollector - Deleting file collector temp dir: /scratch/local/8602923/nxf-7648157923226486993
Jul-28 08:57:33.221 [main] DEBUG n.trace.WorkflowStatsObserver - Workflow completed > WorkflowStats[succeededCount=0; failedCount=8; ignoredCount=0; cachedCount=9; pendingCount=0; submittedCount=0; runningCount=0; retriesCount=4; abortedCount=4; succeedDuration=0ms; failedDuration=33m; cachedDuration=7h 42m 40s;loadCpus=0; loadMemory=0; peakRunning=8; peakCpus=120; peakMemory=720 GB; ]
Jul-28 08:57:33.222 [main] DEBUG nextflow.trace.TraceFileObserver - Workflow completed -- saving trace file
Jul-28 08:57:33.223 [main] DEBUG nextflow.trace.ReportObserver - Workflow completed -- rendering execution report
Jul-28 08:57:33.716 [main] DEBUG nextflow.trace.TimelineObserver - Workflow completed -- rendering execution timeline
Jul-28 08:57:33.810 [main] DEBUG nextflow.cache.CacheDB - Closing CacheDB done
Jul-28 08:57:33.823 [main] INFO  org.pf4j.AbstractPluginManager - Stop plugin 'nf-schema@2.3.0'
Jul-28 08:57:33.823 [main] DEBUG nextflow.plugin.BasePlugin - Plugin stopped nf-schema
Jul-28 08:57:33.824 [main] DEBUG nextflow.script.ScriptRunner - > Execution complete -- Goodbye
