Martian Runtime - v4.0.13
2025-08-22 05:10:01 [runtime] Reattaching in local mode.
2025-08-22 05:10:01 [runtime] Found orphaned stage: ID.YL_hashingpri.SC_MULTI_CS.SC_MULTI_CORE.MULTI_GEM_WELL_PROCESSOR.VDJ_T_GEM_WELL_PROCESSOR.SC_VDJ_CONTIG_ASSEMBLER.ASSEMBLE_VDJ
2025-08-22 05:10:01 [runtime] Found orphaned stage: ID.YL_hashingpri.SC_MULTI_CS.SC_MULTI_CORE.MULTI_GEM_WELL_PROCESSOR.COUNT_GEM_WELL_PROCESSOR._BASIC_SC_RNA_COUNTER._MATRIX_COMPUTER.ALIGN_AND_COUNT
Serving UI at http://c0608a-s11.ufhpc:44633?auth=jLeOKABjJoWqi0eurRl1czpPAQm7HefHqumGETV34Dc

2025-08-22 05:10:02 [runtime] (reset-running)   ID.YL_hashingpri.SC_MULTI_CS.SC_MULTI_CORE.MULTI_GEM_WELL_PROCESSOR.VDJ_T_GEM_WELL_PROCESSOR.SC_VDJ_CONTIG_ASSEMBLER.ASSEMBLE_VDJ.fork0.join
2025-08-22 05:10:02 [runtime] Found orphaned local stage: ID.YL_hashingpri.SC_MULTI_CS.SC_MULTI_CORE.MULTI_GEM_WELL_PROCESSOR.VDJ_T_GEM_WELL_PROCESSOR.SC_VDJ_CONTIG_ASSEMBLER.ASSEMBLE_VDJ
2025-08-22 05:10:02 [runtime] (reset-running)   ID.YL_hashingpri.SC_MULTI_CS.SC_MULTI_CORE.MULTI_GEM_WELL_PROCESSOR.COUNT_GEM_WELL_PROCESSOR._BASIC_SC_RNA_COUNTER._MATRIX_COMPUTER.ALIGN_AND_COUNT.fork0.chnk55
2025-08-22 05:10:02 [runtime] (reset-running)   ID.YL_hashingpri.SC_MULTI_CS.SC_MULTI_CORE.MULTI_GEM_WELL_PROCESSOR.COUNT_GEM_WELL_PROCESSOR._BASIC_SC_RNA_COUNTER._MATRIX_COMPUTER.ALIGN_AND_COUNT.fork0.chnk56
2025-08-22 05:10:02 [runtime] (reset-running)   ID.YL_hashingpri.SC_MULTI_CS.SC_MULTI_CORE.MULTI_GEM_WELL_PROCESSOR.COUNT_GEM_WELL_PROCESSOR._BASIC_SC_RNA_COUNTER._MATRIX_COMPUTER.ALIGN_AND_COUNT.fork0.chnk57
2025-08-22 05:10:02 [runtime] (reset-running)   ID.YL_hashingpri.SC_MULTI_CS.SC_MULTI_CORE.MULTI_GEM_WELL_PROCESSOR.COUNT_GEM_WELL_PROCESSOR._BASIC_SC_RNA_COUNTER._MATRIX_COMPUTER.ALIGN_AND_COUNT.fork0.chnk58
2025-08-22 05:10:02 [runtime] (reset-running)   ID.YL_hashingpri.SC_MULTI_CS.SC_MULTI_CORE.MULTI_GEM_WELL_PROCESSOR.COUNT_GEM_WELL_PROCESSOR._BASIC_SC_RNA_COUNTER._MATRIX_COMPUTER.ALIGN_AND_COUNT.fork0.chnk59
2025-08-22 05:10:02 [runtime] (reset-running)   ID.YL_hashingpri.SC_MULTI_CS.SC_MULTI_CORE.MULTI_GEM_WELL_PROCESSOR.COUNT_GEM_WELL_PROCESSOR._BASIC_SC_RNA_COUNTER._MATRIX_COMPUTER.ALIGN_AND_COUNT.fork0.chnk60
2025-08-22 05:10:02 [runtime] (reset-running)   ID.YL_hashingpri.SC_MULTI_CS.SC_MULTI_CORE.MULTI_GEM_WELL_PROCESSOR.COUNT_GEM_WELL_PROCESSOR._BASIC_SC_RNA_COUNTER._MATRIX_COMPUTER.ALIGN_AND_COUNT.fork0.chnk61
2025-08-22 05:10:02 [runtime] Found orphaned local stage: ID.YL_hashingpri.SC_MULTI_CS.SC_MULTI_CORE.MULTI_GEM_WELL_PROCESSOR.COUNT_GEM_WELL_PROCESSOR._BASIC_SC_RNA_COUNTER._MATRIX_COMPUTER.ALIGN_AND_COUNT
2025-08-22 05:10:02 [runtime] (reset-running)   ID.YL_hashingpri.SC_MULTI_CS.SC_MULTI_CORE.MULTI_GEM_WELL_PROCESSOR.COUNT_GEM_WELL_PROCESSOR._BASIC_SC_RNA_COUNTER._MATRIX_COMPUTER.ALIGN_AND_COUNT.fork0.chnk47
2025-08-22 05:10:02 [runtime] (reset-running)   ID.YL_hashingpri.SC_MULTI_CS.SC_MULTI_CORE.MULTI_GEM_WELL_PROCESSOR.COUNT_GEM_WELL_PROCESSOR._BASIC_SC_RNA_COUNTER._MATRIX_COMPUTER.ALIGN_AND_COUNT.fork0.chnk48
2025-08-22 05:10:02 [runtime] (reset-running)   ID.YL_hashingpri.SC_MULTI_CS.SC_MULTI_CORE.MULTI_GEM_WELL_PROCESSOR.COUNT_GEM_WELL_PROCESSOR._BASIC_SC_RNA_COUNTER._MATRIX_COMPUTER.ALIGN_AND_COUNT.fork0.chnk49
2025-08-22 05:10:02 [runtime] (reset-running)   ID.YL_hashingpri.SC_MULTI_CS.SC_MULTI_CORE.MULTI_GEM_WELL_PROCESSOR.COUNT_GEM_WELL_PROCESSOR._BASIC_SC_RNA_COUNTER._MATRIX_COMPUTER.ALIGN_AND_COUNT.fork0.chnk50
2025-08-22 05:10:02 [runtime] (reset-running)   ID.YL_hashingpri.SC_MULTI_CS.SC_MULTI_CORE.MULTI_GEM_WELL_PROCESSOR.COUNT_GEM_WELL_PROCESSOR._BASIC_SC_RNA_COUNTER._MATRIX_COMPUTER.ALIGN_AND_COUNT.fork0.chnk51
2025-08-22 05:10:02 [runtime] (reset-running)   ID.YL_hashingpri.SC_MULTI_CS.SC_MULTI_CORE.MULTI_GEM_WELL_PROCESSOR.COUNT_GEM_WELL_PROCESSOR._BASIC_SC_RNA_COUNTER._MATRIX_COMPUTER.ALIGN_AND_COUNT.fork0.chnk52
2025-08-22 05:10:02 [runtime] (reset-running)   ID.YL_hashingpri.SC_MULTI_CS.SC_MULTI_CORE.MULTI_GEM_WELL_PROCESSOR.COUNT_GEM_WELL_PROCESSOR._BASIC_SC_RNA_COUNTER._MATRIX_COMPUTER.ALIGN_AND_COUNT.fork0.chnk53
2025-08-22 05:10:02 [runtime] (reset-running)   ID.YL_hashingpri.SC_MULTI_CS.SC_MULTI_CORE.MULTI_GEM_WELL_PROCESSOR.COUNT_GEM_WELL_PROCESSOR._BASIC_SC_RNA_COUNTER._MATRIX_COMPUTER.ALIGN_AND_COUNT.fork0.chnk54
2025-08-22 05:10:03 [runtime] (chunks_complete) ID.YL_hashingpri.SC_MULTI_CS.SC_MULTI_CORE.MULTI_GEM_WELL_PROCESSOR.VDJ_T_GEM_WELL_PROCESSOR.SC_VDJ_CONTIG_ASSEMBLER.ASSEMBLE_VDJ
2025-08-22 05:10:03 [runtime] (run:local)       ID.YL_hashingpri.SC_MULTI_CS.SC_MULTI_CORE.MULTI_GEM_WELL_PROCESSOR.VDJ_T_GEM_WELL_PROCESSOR.SC_VDJ_CONTIG_ASSEMBLER.ASSEMBLE_VDJ.fork0.join
2025-08-22 05:10:07 [runtime] (split_complete)  ID.YL_hashingpri.SC_MULTI_CS.SC_MULTI_CORE.MULTI_GEM_WELL_PROCESSOR.COUNT_GEM_WELL_PROCESSOR._BASIC_SC_RNA_COUNTER._MATRIX_COMPUTER.ALIGN_AND_COUNT
2025-08-22 05:10:07 [runtime] (run:local)       ID.YL_hashingpri.SC_MULTI_CS.SC_MULTI_CORE.MULTI_GEM_WELL_PROCESSOR.COUNT_GEM_WELL_PROCESSOR._BASIC_SC_RNA_COUNTER._MATRIX_COMPUTER.ALIGN_AND_COUNT.fork0.chnk47.main
2025-08-22 05:10:07 [runtime] (run:local)       ID.YL_hashingpri.SC_MULTI_CS.SC_MULTI_CORE.MULTI_GEM_WELL_PROCESSOR.COUNT_GEM_WELL_PROCESSOR._BASIC_SC_RNA_COUNTER._MATRIX_COMPUTER.ALIGN_AND_COUNT.fork0.chnk48.main
2025-08-22 05:10:07 [runtime] (run:local)       ID.YL_hashingpri.SC_MULTI_CS.SC_MULTI_CORE.MULTI_GEM_WELL_PROCESSOR.COUNT_GEM_WELL_PROCESSOR._BASIC_SC_RNA_COUNTER._MATRIX_COMPUTER.ALIGN_AND_COUNT.fork0.chnk49.main
2025-08-22 05:10:07 [runtime] (run:local)       ID.YL_hashingpri.SC_MULTI_CS.SC_MULTI_CORE.MULTI_GEM_WELL_PROCESSOR.COUNT_GEM_WELL_PROCESSOR._BASIC_SC_RNA_COUNTER._MATRIX_COMPUTER.ALIGN_AND_COUNT.fork0.chnk50.main
2025-08-22 05:10:07 [runtime] (run:local)       ID.YL_hashingpri.SC_MULTI_CS.SC_MULTI_CORE.MULTI_GEM_WELL_PROCESSOR.COUNT_GEM_WELL_PROCESSOR._BASIC_SC_RNA_COUNTER._MATRIX_COMPUTER.ALIGN_AND_COUNT.fork0.chnk51.main
2025-08-22 05:10:07 [runtime] (run:local)       ID.YL_hashingpri.SC_MULTI_CS.SC_MULTI_CORE.MULTI_GEM_WELL_PROCESSOR.COUNT_GEM_WELL_PROCESSOR._BASIC_SC_RNA_COUNTER._MATRIX_COMPUTER.ALIGN_AND_COUNT.fork0.chnk52.main
2025-08-22 05:10:07 [runtime] (run:local)       ID.YL_hashingpri.SC_MULTI_CS.SC_MULTI_CORE.MULTI_GEM_WELL_PROCESSOR.COUNT_GEM_WELL_PROCESSOR._BASIC_SC_RNA_COUNTER._MATRIX_COMPUTER.ALIGN_AND_COUNT.fork0.chnk53.main
2025-08-22 05:10:07 [runtime] (run:local)       ID.YL_hashingpri.SC_MULTI_CS.SC_MULTI_CORE.MULTI_GEM_WELL_PROCESSOR.COUNT_GEM_WELL_PROCESSOR._BASIC_SC_RNA_COUNTER._MATRIX_COMPUTER.ALIGN_AND_COUNT.fork0.chnk54.main
2025-08-22 05:10:07 [runtime] (run:local)       ID.YL_hashingpri.SC_MULTI_CS.SC_MULTI_CORE.MULTI_GEM_WELL_PROCESSOR.COUNT_GEM_WELL_PROCESSOR._BASIC_SC_RNA_COUNTER._MATRIX_COMPUTER.ALIGN_AND_COUNT.fork0.chnk55.main
2025-08-22 05:10:07 [runtime] (run:local)       ID.YL_hashingpri.SC_MULTI_CS.SC_MULTI_CORE.MULTI_GEM_WELL_PROCESSOR.COUNT_GEM_WELL_PROCESSOR._BASIC_SC_RNA_COUNTER._MATRIX_COMPUTER.ALIGN_AND_COUNT.fork0.chnk56.main
2025-08-22 05:10:07 [runtime] (run:local)       ID.YL_hashingpri.SC_MULTI_CS.SC_MULTI_CORE.MULTI_GEM_WELL_PROCESSOR.COUNT_GEM_WELL_PROCESSOR._BASIC_SC_RNA_COUNTER._MATRIX_COMPUTER.ALIGN_AND_COUNT.fork0.chnk57.main
2025-08-22 05:10:07 [runtime] (run:local)       ID.YL_hashingpri.SC_MULTI_CS.SC_MULTI_CORE.MULTI_GEM_WELL_PROCESSOR.COUNT_GEM_WELL_PROCESSOR._BASIC_SC_RNA_COUNTER._MATRIX_COMPUTER.ALIGN_AND_COUNT.fork0.chnk58.main
2025-08-22 05:10:07 [runtime] (run:local)       ID.YL_hashingpri.SC_MULTI_CS.SC_MULTI_CORE.MULTI_GEM_WELL_PROCESSOR.COUNT_GEM_WELL_PROCESSOR._BASIC_SC_RNA_COUNTER._MATRIX_COMPUTER.ALIGN_AND_COUNT.fork0.chnk59.main
2025-08-22 05:10:07 [runtime] (run:local)       ID.YL_hashingpri.SC_MULTI_CS.SC_MULTI_CORE.MULTI_GEM_WELL_PROCESSOR.COUNT_GEM_WELL_PROCESSOR._BASIC_SC_RNA_COUNTER._MATRIX_COMPUTER.ALIGN_AND_COUNT.fork0.chnk60.main
2025-08-22 05:10:07 [runtime] (run:local)       ID.YL_hashingpri.SC_MULTI_CS.SC_MULTI_CORE.MULTI_GEM_WELL_PROCESSOR.COUNT_GEM_WELL_PROCESSOR._BASIC_SC_RNA_COUNTER._MATRIX_COMPUTER.ALIGN_AND_COUNT.fork0.chnk61.main
2025-08-22 05:16:07 [runtime] (update)          ID.YL_hashingpri.SC_MULTI_CS.SC_MULTI_CORE.MULTI_GEM_WELL_PROCESSOR.VDJ_T_GEM_WELL_PROCESSOR.SC_VDJ_CONTIG_ASSEMBLER.ASSEMBLE_VDJ.fork0 join_running
2025-08-22 05:18:12 [runtime] (update)          ID.YL_hashingpri.SC_MULTI_CS.SC_MULTI_CORE.MULTI_GEM_WELL_PROCESSOR.COUNT_GEM_WELL_PROCESSOR._BASIC_SC_RNA_COUNTER._MATRIX_COMPUTER.ALIGN_AND_COUNT.fork0 chunks running (47/62 completed)
2025-08-22 05:18:12 [runtime] (join_complete)   ID.YL_hashingpri.SC_MULTI_CS.SC_MULTI_CORE.MULTI_GEM_WELL_PROCESSOR.VDJ_T_GEM_WELL_PROCESSOR.SC_VDJ_CONTIG_ASSEMBLER.ASSEMBLE_VDJ
2025-08-22 05:24:15 [runtime] (update)          ID.YL_hashingpri.SC_MULTI_CS.SC_MULTI_CORE.MULTI_GEM_WELL_PROCESSOR.COUNT_GEM_WELL_PROCESSOR._BASIC_SC_RNA_COUNTER._MATRIX_COMPUTER.ALIGN_AND_COUNT.fork0 chunks running (47/62 completed)
2025-08-22 05:30:14 [runtime] (update)          ID.YL_hashingpri.SC_MULTI_CS.SC_MULTI_CORE.MULTI_GEM_WELL_PROCESSOR.COUNT_GEM_WELL_PROCESSOR._BASIC_SC_RNA_COUNTER._MATRIX_COMPUTER.ALIGN_AND_COUNT.fork0 chunks running (47/62 completed)
2025-08-22 05:36:13 [runtime] (update)          ID.YL_hashingpri.SC_MULTI_CS.SC_MULTI_CORE.MULTI_GEM_WELL_PROCESSOR.COUNT_GEM_WELL_PROCESSOR._BASIC_SC_RNA_COUNTER._MATRIX_COMPUTER.ALIGN_AND_COUNT.fork0 chunks running (47/62 completed)
2025-08-22 05:42:14 [runtime] (update)          ID.YL_hashingpri.SC_MULTI_CS.SC_MULTI_CORE.MULTI_GEM_WELL_PROCESSOR.COUNT_GEM_WELL_PROCESSOR._BASIC_SC_RNA_COUNTER._MATRIX_COMPUTER.ALIGN_AND_COUNT.fork0 chunks running (47/62 completed)
2025-08-22 05:48:15 [runtime] (update)          ID.YL_hashingpri.SC_MULTI_CS.SC_MULTI_CORE.MULTI_GEM_WELL_PROCESSOR.COUNT_GEM_WELL_PROCESSOR._BASIC_SC_RNA_COUNTER._MATRIX_COMPUTER.ALIGN_AND_COUNT.fork0 chunks running (47/62 completed)
2025-08-22 05:54:15 [runtime] (update)          ID.YL_hashingpri.SC_MULTI_CS.SC_MULTI_CORE.MULTI_GEM_WELL_PROCESSOR.COUNT_GEM_WELL_PROCESSOR._BASIC_SC_RNA_COUNTER._MATRIX_COMPUTER.ALIGN_AND_COUNT.fork0 chunks running (47/62 completed)
2025-08-22 06:00:16 [runtime] (update)          ID.YL_hashingpri.SC_MULTI_CS.SC_MULTI_CORE.MULTI_GEM_WELL_PROCESSOR.COUNT_GEM_WELL_PROCESSOR._BASIC_SC_RNA_COUNTER._MATRIX_COMPUTER.ALIGN_AND_COUNT.fork0 chunks running (47/62 completed)
2025-08-22 06:06:16 [runtime] (update)          ID.YL_hashingpri.SC_MULTI_CS.SC_MULTI_CORE.MULTI_GEM_WELL_PROCESSOR.COUNT_GEM_WELL_PROCESSOR._BASIC_SC_RNA_COUNTER._MATRIX_COMPUTER.ALIGN_AND_COUNT.fork0 chunks running (47/62 completed)
2025-08-22 06:12:14 [runtime] (update)          ID.YL_hashingpri.SC_MULTI_CS.SC_MULTI_CORE.MULTI_GEM_WELL_PROCESSOR.COUNT_GEM_WELL_PROCESSOR._BASIC_SC_RNA_COUNTER._MATRIX_COMPUTER.ALIGN_AND_COUNT.fork0 chunks running (47/62 completed)
2025-08-22 06:18:16 [runtime] (update)          ID.YL_hashingpri.SC_MULTI_CS.SC_MULTI_CORE.MULTI_GEM_WELL_PROCESSOR.COUNT_GEM_WELL_PROCESSOR._BASIC_SC_RNA_COUNTER._MATRIX_COMPUTER.ALIGN_AND_COUNT.fork0 chunks running (47/62 completed)
2025-08-22 06:24:15 [runtime] (update)          ID.YL_hashingpri.SC_MULTI_CS.SC_MULTI_CORE.MULTI_GEM_WELL_PROCESSOR.COUNT_GEM_WELL_PROCESSOR._BASIC_SC_RNA_COUNTER._MATRIX_COMPUTER.ALIGN_AND_COUNT.fork0 chunks running (47/62 completed)
2025-08-22 06:30:14 [runtime] (update)          ID.YL_hashingpri.SC_MULTI_CS.SC_MULTI_CORE.MULTI_GEM_WELL_PROCESSOR.COUNT_GEM_WELL_PROCESSOR._BASIC_SC_RNA_COUNTER._MATRIX_COMPUTER.ALIGN_AND_COUNT.fork0 chunks running (47/62 completed)
2025-08-22 06:36:15 [runtime] (update)          ID.YL_hashingpri.SC_MULTI_CS.SC_MULTI_CORE.MULTI_GEM_WELL_PROCESSOR.COUNT_GEM_WELL_PROCESSOR._BASIC_SC_RNA_COUNTER._MATRIX_COMPUTER.ALIGN_AND_COUNT.fork0 chunks running (47/62 completed)
2025-08-22 06:42:14 [runtime] (update)          ID.YL_hashingpri.SC_MULTI_CS.SC_MULTI_CORE.MULTI_GEM_WELL_PROCESSOR.COUNT_GEM_WELL_PROCESSOR._BASIC_SC_RNA_COUNTER._MATRIX_COMPUTER.ALIGN_AND_COUNT.fork0 chunks running (47/62 completed)
2025-08-22 06:48:15 [runtime] (update)          ID.YL_hashingpri.SC_MULTI_CS.SC_MULTI_CORE.MULTI_GEM_WELL_PROCESSOR.COUNT_GEM_WELL_PROCESSOR._BASIC_SC_RNA_COUNTER._MATRIX_COMPUTER.ALIGN_AND_COUNT.fork0 chunks running (47/62 completed)
2025-08-22 06:54:15 [runtime] (update)          ID.YL_hashingpri.SC_MULTI_CS.SC_MULTI_CORE.MULTI_GEM_WELL_PROCESSOR.COUNT_GEM_WELL_PROCESSOR._BASIC_SC_RNA_COUNTER._MATRIX_COMPUTER.ALIGN_AND_COUNT.fork0 chunks running (47/62 completed)
2025-08-22 07:00:16 [runtime] (update)          ID.YL_hashingpri.SC_MULTI_CS.SC_MULTI_CORE.MULTI_GEM_WELL_PROCESSOR.COUNT_GEM_WELL_PROCESSOR._BASIC_SC_RNA_COUNTER._MATRIX_COMPUTER.ALIGN_AND_COUNT.fork0 chunks running (47/62 completed)
2025-08-22 07:06:16 [runtime] (update)          ID.YL_hashingpri.SC_MULTI_CS.SC_MULTI_CORE.MULTI_GEM_WELL_PROCESSOR.COUNT_GEM_WELL_PROCESSOR._BASIC_SC_RNA_COUNTER._MATRIX_COMPUTER.ALIGN_AND_COUNT.fork0 chunks running (47/62 completed)
2025-08-22 07:12:16 [runtime] (update)          ID.YL_hashingpri.SC_MULTI_CS.SC_MULTI_CORE.MULTI_GEM_WELL_PROCESSOR.COUNT_GEM_WELL_PROCESSOR._BASIC_SC_RNA_COUNTER._MATRIX_COMPUTER.ALIGN_AND_COUNT.fork0 chunks running (47/62 completed)
2025-08-22 07:18:16 [runtime] (update)          ID.YL_hashingpri.SC_MULTI_CS.SC_MULTI_CORE.MULTI_GEM_WELL_PROCESSOR.COUNT_GEM_WELL_PROCESSOR._BASIC_SC_RNA_COUNTER._MATRIX_COMPUTER.ALIGN_AND_COUNT.fork0 chunks running (47/62 completed)
2025-08-22 07:24:17 [runtime] (update)          ID.YL_hashingpri.SC_MULTI_CS.SC_MULTI_CORE.MULTI_GEM_WELL_PROCESSOR.COUNT_GEM_WELL_PROCESSOR._BASIC_SC_RNA_COUNTER._MATRIX_COMPUTER.ALIGN_AND_COUNT.fork0 chunks running (47/62 completed)
2025-08-22 07:30:16 [runtime] (update)          ID.YL_hashingpri.SC_MULTI_CS.SC_MULTI_CORE.MULTI_GEM_WELL_PROCESSOR.COUNT_GEM_WELL_PROCESSOR._BASIC_SC_RNA_COUNTER._MATRIX_COMPUTER.ALIGN_AND_COUNT.fork0 chunks running (47/62 completed)
2025-08-22 07:36:18 [runtime] (update)          ID.YL_hashingpri.SC_MULTI_CS.SC_MULTI_CORE.MULTI_GEM_WELL_PROCESSOR.COUNT_GEM_WELL_PROCESSOR._BASIC_SC_RNA_COUNTER._MATRIX_COMPUTER.ALIGN_AND_COUNT.fork0 chunks running (47/62 completed)
2025-08-22 07:41:20 [runtime] (update)          ID.YL_hashingpri.SC_MULTI_CS.SC_MULTI_CORE.MULTI_GEM_WELL_PROCESSOR.COUNT_GEM_WELL_PROCESSOR._BASIC_SC_RNA_COUNTER._MATRIX_COMPUTER.ALIGN_AND_COUNT.fork0 chunks running (48/62 completed)
2025-08-22 07:47:19 [runtime] (update)          ID.YL_hashingpri.SC_MULTI_CS.SC_MULTI_CORE.MULTI_GEM_WELL_PROCESSOR.COUNT_GEM_WELL_PROCESSOR._BASIC_SC_RNA_COUNTER._MATRIX_COMPUTER.ALIGN_AND_COUNT.fork0 chunks running (48/62 completed)
2025-08-22 07:53:20 [runtime] (update)          ID.YL_hashingpri.SC_MULTI_CS.SC_MULTI_CORE.MULTI_GEM_WELL_PROCESSOR.COUNT_GEM_WELL_PROCESSOR._BASIC_SC_RNA_COUNTER._MATRIX_COMPUTER.ALIGN_AND_COUNT.fork0 chunks running (48/62 completed)
2025-08-22 07:59:21 [runtime] (update)          ID.YL_hashingpri.SC_MULTI_CS.SC_MULTI_CORE.MULTI_GEM_WELL_PROCESSOR.COUNT_GEM_WELL_PROCESSOR._BASIC_SC_RNA_COUNTER._MATRIX_COMPUTER.ALIGN_AND_COUNT.fork0 chunks running (48/62 completed)
2025-08-22 08:05:19 [runtime] (update)          ID.YL_hashingpri.SC_MULTI_CS.SC_MULTI_CORE.MULTI_GEM_WELL_PROCESSOR.COUNT_GEM_WELL_PROCESSOR._BASIC_SC_RNA_COUNTER._MATRIX_COMPUTER.ALIGN_AND_COUNT.fork0 chunks running (48/62 completed)
2025-08-22 08:11:20 [runtime] (update)          ID.YL_hashingpri.SC_MULTI_CS.SC_MULTI_CORE.MULTI_GEM_WELL_PROCESSOR.COUNT_GEM_WELL_PROCESSOR._BASIC_SC_RNA_COUNTER._MATRIX_COMPUTER.ALIGN_AND_COUNT.fork0 chunks running (48/62 completed)
2025-08-22 08:17:19 [runtime] (update)          ID.YL_hashingpri.SC_MULTI_CS.SC_MULTI_CORE.MULTI_GEM_WELL_PROCESSOR.COUNT_GEM_WELL_PROCESSOR._BASIC_SC_RNA_COUNTER._MATRIX_COMPUTER.ALIGN_AND_COUNT.fork0 chunks running (48/62 completed)
2025-08-22 08:23:20 [runtime] (update)          ID.YL_hashingpri.SC_MULTI_CS.SC_MULTI_CORE.MULTI_GEM_WELL_PROCESSOR.COUNT_GEM_WELL_PROCESSOR._BASIC_SC_RNA_COUNTER._MATRIX_COMPUTER.ALIGN_AND_COUNT.fork0 chunks running (48/62 completed)
2025-08-22 08:29:21 [runtime] (update)          ID.YL_hashingpri.SC_MULTI_CS.SC_MULTI_CORE.MULTI_GEM_WELL_PROCESSOR.COUNT_GEM_WELL_PROCESSOR._BASIC_SC_RNA_COUNTER._MATRIX_COMPUTER.ALIGN_AND_COUNT.fork0 chunks running (48/62 completed)
2025-08-22 08:35:19 [runtime] (update)          ID.YL_hashingpri.SC_MULTI_CS.SC_MULTI_CORE.MULTI_GEM_WELL_PROCESSOR.COUNT_GEM_WELL_PROCESSOR._BASIC_SC_RNA_COUNTER._MATRIX_COMPUTER.ALIGN_AND_COUNT.fork0 chunks running (48/62 completed)
2025-08-22 08:41:21 [runtime] (update)          ID.YL_hashingpri.SC_MULTI_CS.SC_MULTI_CORE.MULTI_GEM_WELL_PROCESSOR.COUNT_GEM_WELL_PROCESSOR._BASIC_SC_RNA_COUNTER._MATRIX_COMPUTER.ALIGN_AND_COUNT.fork0 chunks running (48/62 completed)
2025-08-22 08:47:20 [runtime] (update)          ID.YL_hashingpri.SC_MULTI_CS.SC_MULTI_CORE.MULTI_GEM_WELL_PROCESSOR.COUNT_GEM_WELL_PROCESSOR._BASIC_SC_RNA_COUNTER._MATRIX_COMPUTER.ALIGN_AND_COUNT.fork0 chunks running (48/62 completed)
2025-08-22 08:53:21 [runtime] (update)          ID.YL_hashingpri.SC_MULTI_CS.SC_MULTI_CORE.MULTI_GEM_WELL_PROCESSOR.COUNT_GEM_WELL_PROCESSOR._BASIC_SC_RNA_COUNTER._MATRIX_COMPUTER.ALIGN_AND_COUNT.fork0 chunks running (48/62 completed)
2025-08-22 08:59:22 [runtime] (update)          ID.YL_hashingpri.SC_MULTI_CS.SC_MULTI_CORE.MULTI_GEM_WELL_PROCESSOR.COUNT_GEM_WELL_PROCESSOR._BASIC_SC_RNA_COUNTER._MATRIX_COMPUTER.ALIGN_AND_COUNT.fork0 chunks running (48/62 completed)
2025-08-22 09:05:20 [runtime] (update)          ID.YL_hashingpri.SC_MULTI_CS.SC_MULTI_CORE.MULTI_GEM_WELL_PROCESSOR.COUNT_GEM_WELL_PROCESSOR._BASIC_SC_RNA_COUNTER._MATRIX_COMPUTER.ALIGN_AND_COUNT.fork0 chunks running (48/62 completed)
2025-08-22 09:11:23 [runtime] (update)          ID.YL_hashingpri.SC_MULTI_CS.SC_MULTI_CORE.MULTI_GEM_WELL_PROCESSOR.COUNT_GEM_WELL_PROCESSOR._BASIC_SC_RNA_COUNTER._MATRIX_COMPUTER.ALIGN_AND_COUNT.fork0 chunks running (48/62 completed)
2025-08-22 09:17:20 [runtime] (update)          ID.YL_hashingpri.SC_MULTI_CS.SC_MULTI_CORE.MULTI_GEM_WELL_PROCESSOR.COUNT_GEM_WELL_PROCESSOR._BASIC_SC_RNA_COUNTER._MATRIX_COMPUTER.ALIGN_AND_COUNT.fork0 chunks running (48/62 completed)
2025-08-22 09:23:11 [runtime] (update)          ID.YL_hashingpri.SC_MULTI_CS.SC_MULTI_CORE.MULTI_GEM_WELL_PROCESSOR.COUNT_GEM_WELL_PROCESSOR._BASIC_SC_RNA_COUNTER._MATRIX_COMPUTER.ALIGN_AND_COUNT.fork0 chunks running (49/62 completed)
2025-08-22 09:29:14 [runtime] (update)          ID.YL_hashingpri.SC_MULTI_CS.SC_MULTI_CORE.MULTI_GEM_WELL_PROCESSOR.COUNT_GEM_WELL_PROCESSOR._BASIC_SC_RNA_COUNTER._MATRIX_COMPUTER.ALIGN_AND_COUNT.fork0 chunks running (49/62 completed)
2025-08-22 09:35:11 [runtime] (update)          ID.YL_hashingpri.SC_MULTI_CS.SC_MULTI_CORE.MULTI_GEM_WELL_PROCESSOR.COUNT_GEM_WELL_PROCESSOR._BASIC_SC_RNA_COUNTER._MATRIX_COMPUTER.ALIGN_AND_COUNT.fork0 chunks running (49/62 completed)
2025-08-22 09:41:12 [runtime] (update)          ID.YL_hashingpri.SC_MULTI_CS.SC_MULTI_CORE.MULTI_GEM_WELL_PROCESSOR.COUNT_GEM_WELL_PROCESSOR._BASIC_SC_RNA_COUNTER._MATRIX_COMPUTER.ALIGN_AND_COUNT.fork0 chunks running (49/62 completed)
2025-08-22 09:47:12 [runtime] (update)          ID.YL_hashingpri.SC_MULTI_CS.SC_MULTI_CORE.MULTI_GEM_WELL_PROCESSOR.COUNT_GEM_WELL_PROCESSOR._BASIC_SC_RNA_COUNTER._MATRIX_COMPUTER.ALIGN_AND_COUNT.fork0 chunks running (49/62 completed)
2025-08-22 09:53:11 [runtime] (update)          ID.YL_hashingpri.SC_MULTI_CS.SC_MULTI_CORE.MULTI_GEM_WELL_PROCESSOR.COUNT_GEM_WELL_PROCESSOR._BASIC_SC_RNA_COUNTER._MATRIX_COMPUTER.ALIGN_AND_COUNT.fork0 chunks running (49/62 completed)
2025-08-22 09:59:12 [runtime] (update)          ID.YL_hashingpri.SC_MULTI_CS.SC_MULTI_CORE.MULTI_GEM_WELL_PROCESSOR.COUNT_GEM_WELL_PROCESSOR._BASIC_SC_RNA_COUNTER._MATRIX_COMPUTER.ALIGN_AND_COUNT.fork0 chunks running (49/62 completed)
2025-08-22 10:05:12 [runtime] (update)          ID.YL_hashingpri.SC_MULTI_CS.SC_MULTI_CORE.MULTI_GEM_WELL_PROCESSOR.COUNT_GEM_WELL_PROCESSOR._BASIC_SC_RNA_COUNTER._MATRIX_COMPUTER.ALIGN_AND_COUNT.fork0 chunks running (49/62 completed)
2025-08-22 10:11:13 [runtime] (update)          ID.YL_hashingpri.SC_MULTI_CS.SC_MULTI_CORE.MULTI_GEM_WELL_PROCESSOR.COUNT_GEM_WELL_PROCESSOR._BASIC_SC_RNA_COUNTER._MATRIX_COMPUTER.ALIGN_AND_COUNT.fork0 chunks running (49/62 completed)
2025-08-22 10:17:14 [runtime] (update)          ID.YL_hashingpri.SC_MULTI_CS.SC_MULTI_CORE.MULTI_GEM_WELL_PROCESSOR.COUNT_GEM_WELL_PROCESSOR._BASIC_SC_RNA_COUNTER._MATRIX_COMPUTER.ALIGN_AND_COUNT.fork0 chunks running (49/62 completed)
2025-08-22 10:23:12 [runtime] (update)          ID.YL_hashingpri.SC_MULTI_CS.SC_MULTI_CORE.MULTI_GEM_WELL_PROCESSOR.COUNT_GEM_WELL_PROCESSOR._BASIC_SC_RNA_COUNTER._MATRIX_COMPUTER.ALIGN_AND_COUNT.fork0 chunks running (49/62 completed)
2025-08-22 10:29:14 [runtime] (update)          ID.YL_hashingpri.SC_MULTI_CS.SC_MULTI_CORE.MULTI_GEM_WELL_PROCESSOR.COUNT_GEM_WELL_PROCESSOR._BASIC_SC_RNA_COUNTER._MATRIX_COMPUTER.ALIGN_AND_COUNT.fork0 chunks running (49/62 completed)
2025-08-22 10:35:19 [runtime] (update)          ID.YL_hashingpri.SC_MULTI_CS.SC_MULTI_CORE.MULTI_GEM_WELL_PROCESSOR.COUNT_GEM_WELL_PROCESSOR._BASIC_SC_RNA_COUNTER._MATRIX_COMPUTER.ALIGN_AND_COUNT.fork0 chunks running (49/62 completed)
2025-08-22 10:41:15 [runtime] (update)          ID.YL_hashingpri.SC_MULTI_CS.SC_MULTI_CORE.MULTI_GEM_WELL_PROCESSOR.COUNT_GEM_WELL_PROCESSOR._BASIC_SC_RNA_COUNTER._MATRIX_COMPUTER.ALIGN_AND_COUNT.fork0 chunks running (49/62 completed)
2025-08-22 10:47:12 [runtime] (update)          ID.YL_hashingpri.SC_MULTI_CS.SC_MULTI_CORE.MULTI_GEM_WELL_PROCESSOR.COUNT_GEM_WELL_PROCESSOR._BASIC_SC_RNA_COUNTER._MATRIX_COMPUTER.ALIGN_AND_COUNT.fork0 chunks running (49/62 completed)
2025-08-22 10:53:14 [runtime] (update)          ID.YL_hashingpri.SC_MULTI_CS.SC_MULTI_CORE.MULTI_GEM_WELL_PROCESSOR.COUNT_GEM_WELL_PROCESSOR._BASIC_SC_RNA_COUNTER._MATRIX_COMPUTER.ALIGN_AND_COUNT.fork0 chunks running (49/62 completed)
2025-08-22 10:59:14 [runtime] (update)          ID.YL_hashingpri.SC_MULTI_CS.SC_MULTI_CORE.MULTI_GEM_WELL_PROCESSOR.COUNT_GEM_WELL_PROCESSOR._BASIC_SC_RNA_COUNTER._MATRIX_COMPUTER.ALIGN_AND_COUNT.fork0 chunks running (49/62 completed)
2025-08-22 11:05:15 [runtime] (update)          ID.YL_hashingpri.SC_MULTI_CS.SC_MULTI_CORE.MULTI_GEM_WELL_PROCESSOR.COUNT_GEM_WELL_PROCESSOR._BASIC_SC_RNA_COUNTER._MATRIX_COMPUTER.ALIGN_AND_COUNT.fork0 chunks running (49/62 completed)
2025-08-22 11:11:15 [runtime] (update)          ID.YL_hashingpri.SC_MULTI_CS.SC_MULTI_CORE.MULTI_GEM_WELL_PROCESSOR.COUNT_GEM_WELL_PROCESSOR._BASIC_SC_RNA_COUNTER._MATRIX_COMPUTER.ALIGN_AND_COUNT.fork0 chunks running (49/62 completed)
2025-08-22 11:16:23 [runtime] (update)          ID.YL_hashingpri.SC_MULTI_CS.SC_MULTI_CORE.MULTI_GEM_WELL_PROCESSOR.COUNT_GEM_WELL_PROCESSOR._BASIC_SC_RNA_COUNTER._MATRIX_COMPUTER.ALIGN_AND_COUNT.fork0 chunks running (50/62 completed)
2025-08-22 11:22:05 [runtime] (update)          ID.YL_hashingpri.SC_MULTI_CS.SC_MULTI_CORE.MULTI_GEM_WELL_PROCESSOR.COUNT_GEM_WELL_PROCESSOR._BASIC_SC_RNA_COUNTER._MATRIX_COMPUTER.ALIGN_AND_COUNT.fork0 chunks running (50/62 completed)
2025-08-22 11:28:09 [runtime] (update)          ID.YL_hashingpri.SC_MULTI_CS.SC_MULTI_CORE.MULTI_GEM_WELL_PROCESSOR.COUNT_GEM_WELL_PROCESSOR._BASIC_SC_RNA_COUNTER._MATRIX_COMPUTER.ALIGN_AND_COUNT.fork0 chunks running (50/62 completed)
2025-08-22 11:34:22 [runtime] (update)          ID.YL_hashingpri.SC_MULTI_CS.SC_MULTI_CORE.MULTI_GEM_WELL_PROCESSOR.COUNT_GEM_WELL_PROCESSOR._BASIC_SC_RNA_COUNTER._MATRIX_COMPUTER.ALIGN_AND_COUNT.fork0 chunks running (50/62 completed)
2025-08-22 11:40:14 [runtime] (update)          ID.YL_hashingpri.SC_MULTI_CS.SC_MULTI_CORE.MULTI_GEM_WELL_PROCESSOR.COUNT_GEM_WELL_PROCESSOR._BASIC_SC_RNA_COUNTER._MATRIX_COMPUTER.ALIGN_AND_COUNT.fork0 chunks running (50/62 completed)
2025-08-22 11:46:11 [runtime] (update)          ID.YL_hashingpri.SC_MULTI_CS.SC_MULTI_CORE.MULTI_GEM_WELL_PROCESSOR.COUNT_GEM_WELL_PROCESSOR._BASIC_SC_RNA_COUNTER._MATRIX_COMPUTER.ALIGN_AND_COUNT.fork0 chunks running (50/62 completed)
2025-08-22 11:52:14 [runtime] (update)          ID.YL_hashingpri.SC_MULTI_CS.SC_MULTI_CORE.MULTI_GEM_WELL_PROCESSOR.COUNT_GEM_WELL_PROCESSOR._BASIC_SC_RNA_COUNTER._MATRIX_COMPUTER.ALIGN_AND_COUNT.fork0 chunks running (50/62 completed)
2025-08-22 11:58:12 [runtime] (update)          ID.YL_hashingpri.SC_MULTI_CS.SC_MULTI_CORE.MULTI_GEM_WELL_PROCESSOR.COUNT_GEM_WELL_PROCESSOR._BASIC_SC_RNA_COUNTER._MATRIX_COMPUTER.ALIGN_AND_COUNT.fork0 chunks running (50/62 completed)
2025-08-22 12:04:10 [runtime] (update)          ID.YL_hashingpri.SC_MULTI_CS.SC_MULTI_CORE.MULTI_GEM_WELL_PROCESSOR.COUNT_GEM_WELL_PROCESSOR._BASIC_SC_RNA_COUNTER._MATRIX_COMPUTER.ALIGN_AND_COUNT.fork0 chunks running (50/62 completed)
2025-08-22 12:10:05 [runtime] (update)          ID.YL_hashingpri.SC_MULTI_CS.SC_MULTI_CORE.MULTI_GEM_WELL_PROCESSOR.COUNT_GEM_WELL_PROCESSOR._BASIC_SC_RNA_COUNTER._MATRIX_COMPUTER.ALIGN_AND_COUNT.fork0 chunks running (50/62 completed)
2025-08-22 12:16:11 [runtime] (update)          ID.YL_hashingpri.SC_MULTI_CS.SC_MULTI_CORE.MULTI_GEM_WELL_PROCESSOR.COUNT_GEM_WELL_PROCESSOR._BASIC_SC_RNA_COUNTER._MATRIX_COMPUTER.ALIGN_AND_COUNT.fork0 chunks running (50/62 completed)
2025-08-22 12:22:09 [runtime] (update)          ID.YL_hashingpri.SC_MULTI_CS.SC_MULTI_CORE.MULTI_GEM_WELL_PROCESSOR.COUNT_GEM_WELL_PROCESSOR._BASIC_SC_RNA_COUNTER._MATRIX_COMPUTER.ALIGN_AND_COUNT.fork0 chunks running (50/62 completed)
2025-08-22 12:28:08 [runtime] (update)          ID.YL_hashingpri.SC_MULTI_CS.SC_MULTI_CORE.MULTI_GEM_WELL_PROCESSOR.COUNT_GEM_WELL_PROCESSOR._BASIC_SC_RNA_COUNTER._MATRIX_COMPUTER.ALIGN_AND_COUNT.fork0 chunks running (50/62 completed)
2025-08-22 12:34:05 [runtime] (update)          ID.YL_hashingpri.SC_MULTI_CS.SC_MULTI_CORE.MULTI_GEM_WELL_PROCESSOR.COUNT_GEM_WELL_PROCESSOR._BASIC_SC_RNA_COUNTER._MATRIX_COMPUTER.ALIGN_AND_COUNT.fork0 chunks running (50/62 completed)
2025-08-22 12:40:05 [runtime] (update)          ID.YL_hashingpri.SC_MULTI_CS.SC_MULTI_CORE.MULTI_GEM_WELL_PROCESSOR.COUNT_GEM_WELL_PROCESSOR._BASIC_SC_RNA_COUNTER._MATRIX_COMPUTER.ALIGN_AND_COUNT.fork0 chunks running (50/62 completed)
2025-08-22 12:46:08 [runtime] (update)          ID.YL_hashingpri.SC_MULTI_CS.SC_MULTI_CORE.MULTI_GEM_WELL_PROCESSOR.COUNT_GEM_WELL_PROCESSOR._BASIC_SC_RNA_COUNTER._MATRIX_COMPUTER.ALIGN_AND_COUNT.fork0 chunks running (50/62 completed)
2025-08-22 12:52:11 [runtime] (update)          ID.YL_hashingpri.SC_MULTI_CS.SC_MULTI_CORE.MULTI_GEM_WELL_PROCESSOR.COUNT_GEM_WELL_PROCESSOR._BASIC_SC_RNA_COUNTER._MATRIX_COMPUTER.ALIGN_AND_COUNT.fork0 chunks running (50/62 completed)
2025-08-22 12:58:06 [runtime] (update)          ID.YL_hashingpri.SC_MULTI_CS.SC_MULTI_CORE.MULTI_GEM_WELL_PROCESSOR.COUNT_GEM_WELL_PROCESSOR._BASIC_SC_RNA_COUNTER._MATRIX_COMPUTER.ALIGN_AND_COUNT.fork0 chunks running (50/62 completed)
2025-08-22 13:04:07 [runtime] (update)          ID.YL_hashingpri.SC_MULTI_CS.SC_MULTI_CORE.MULTI_GEM_WELL_PROCESSOR.COUNT_GEM_WELL_PROCESSOR._BASIC_SC_RNA_COUNTER._MATRIX_COMPUTER.ALIGN_AND_COUNT.fork0 chunks running (50/62 completed)
2025-08-22 13:10:07 [runtime] (update)          ID.YL_hashingpri.SC_MULTI_CS.SC_MULTI_CORE.MULTI_GEM_WELL_PROCESSOR.COUNT_GEM_WELL_PROCESSOR._BASIC_SC_RNA_COUNTER._MATRIX_COMPUTER.ALIGN_AND_COUNT.fork0 chunks running (50/62 completed)
2025-08-22 13:16:08 [runtime] (update)          ID.YL_hashingpri.SC_MULTI_CS.SC_MULTI_CORE.MULTI_GEM_WELL_PROCESSOR.COUNT_GEM_WELL_PROCESSOR._BASIC_SC_RNA_COUNTER._MATRIX_COMPUTER.ALIGN_AND_COUNT.fork0 chunks running (50/62 completed)
2025-08-22 13:22:07 [runtime] (update)          ID.YL_hashingpri.SC_MULTI_CS.SC_MULTI_CORE.MULTI_GEM_WELL_PROCESSOR.COUNT_GEM_WELL_PROCESSOR._BASIC_SC_RNA_COUNTER._MATRIX_COMPUTER.ALIGN_AND_COUNT.fork0 chunks running (50/62 completed)
2025-08-22 13:28:20 [runtime] (update)          ID.YL_hashingpri.SC_MULTI_CS.SC_MULTI_CORE.MULTI_GEM_WELL_PROCESSOR.COUNT_GEM_WELL_PROCESSOR._BASIC_SC_RNA_COUNTER._MATRIX_COMPUTER.ALIGN_AND_COUNT.fork0 chunks running (51/62 completed)
2025-08-22 13:34:20 [runtime] (update)          ID.YL_hashingpri.SC_MULTI_CS.SC_MULTI_CORE.MULTI_GEM_WELL_PROCESSOR.COUNT_GEM_WELL_PROCESSOR._BASIC_SC_RNA_COUNTER._MATRIX_COMPUTER.ALIGN_AND_COUNT.fork0 chunks running (51/62 completed)
2025-08-22 13:40:21 [runtime] (update)          ID.YL_hashingpri.SC_MULTI_CS.SC_MULTI_CORE.MULTI_GEM_WELL_PROCESSOR.COUNT_GEM_WELL_PROCESSOR._BASIC_SC_RNA_COUNTER._MATRIX_COMPUTER.ALIGN_AND_COUNT.fork0 chunks running (51/62 completed)
2025-08-22 13:46:21 [runtime] (update)          ID.YL_hashingpri.SC_MULTI_CS.SC_MULTI_CORE.MULTI_GEM_WELL_PROCESSOR.COUNT_GEM_WELL_PROCESSOR._BASIC_SC_RNA_COUNTER._MATRIX_COMPUTER.ALIGN_AND_COUNT.fork0 chunks running (51/62 completed)
2025-08-22 13:52:22 [runtime] (update)          ID.YL_hashingpri.SC_MULTI_CS.SC_MULTI_CORE.MULTI_GEM_WELL_PROCESSOR.COUNT_GEM_WELL_PROCESSOR._BASIC_SC_RNA_COUNTER._MATRIX_COMPUTER.ALIGN_AND_COUNT.fork0 chunks running (51/62 completed)
2025-08-22 13:58:21 [runtime] (update)          ID.YL_hashingpri.SC_MULTI_CS.SC_MULTI_CORE.MULTI_GEM_WELL_PROCESSOR.COUNT_GEM_WELL_PROCESSOR._BASIC_SC_RNA_COUNTER._MATRIX_COMPUTER.ALIGN_AND_COUNT.fork0 chunks running (51/62 completed)
2025-08-22 14:04:21 [runtime] (update)          ID.YL_hashingpri.SC_MULTI_CS.SC_MULTI_CORE.MULTI_GEM_WELL_PROCESSOR.COUNT_GEM_WELL_PROCESSOR._BASIC_SC_RNA_COUNTER._MATRIX_COMPUTER.ALIGN_AND_COUNT.fork0 chunks running (51/62 completed)
2025-08-22 14:10:24 [runtime] (update)          ID.YL_hashingpri.SC_MULTI_CS.SC_MULTI_CORE.MULTI_GEM_WELL_PROCESSOR.COUNT_GEM_WELL_PROCESSOR._BASIC_SC_RNA_COUNTER._MATRIX_COMPUTER.ALIGN_AND_COUNT.fork0 chunks running (51/62 completed)
2025-08-22 14:16:22 [runtime] (update)          ID.YL_hashingpri.SC_MULTI_CS.SC_MULTI_CORE.MULTI_GEM_WELL_PROCESSOR.COUNT_GEM_WELL_PROCESSOR._BASIC_SC_RNA_COUNTER._MATRIX_COMPUTER.ALIGN_AND_COUNT.fork0 chunks running (51/62 completed)
2025-08-22 14:22:22 [runtime] (update)          ID.YL_hashingpri.SC_MULTI_CS.SC_MULTI_CORE.MULTI_GEM_WELL_PROCESSOR.COUNT_GEM_WELL_PROCESSOR._BASIC_SC_RNA_COUNTER._MATRIX_COMPUTER.ALIGN_AND_COUNT.fork0 chunks running (51/62 completed)
2025-08-22 14:28:24 [runtime] (update)          ID.YL_hashingpri.SC_MULTI_CS.SC_MULTI_CORE.MULTI_GEM_WELL_PROCESSOR.COUNT_GEM_WELL_PROCESSOR._BASIC_SC_RNA_COUNTER._MATRIX_COMPUTER.ALIGN_AND_COUNT.fork0 chunks running (51/62 completed)
2025-08-22 14:34:45 [runtime] (update)          ID.YL_hashingpri.SC_MULTI_CS.SC_MULTI_CORE.MULTI_GEM_WELL_PROCESSOR.COUNT_GEM_WELL_PROCESSOR._BASIC_SC_RNA_COUNTER._MATRIX_COMPUTER.ALIGN_AND_COUNT.fork0 chunks running (52/62 completed)
2025-08-22 14:40:45 [runtime] (update)          ID.YL_hashingpri.SC_MULTI_CS.SC_MULTI_CORE.MULTI_GEM_WELL_PROCESSOR.COUNT_GEM_WELL_PROCESSOR._BASIC_SC_RNA_COUNTER._MATRIX_COMPUTER.ALIGN_AND_COUNT.fork0 chunks running (52/62 completed)
2025-08-22 14:46:46 [runtime] (update)          ID.YL_hashingpri.SC_MULTI_CS.SC_MULTI_CORE.MULTI_GEM_WELL_PROCESSOR.COUNT_GEM_WELL_PROCESSOR._BASIC_SC_RNA_COUNTER._MATRIX_COMPUTER.ALIGN_AND_COUNT.fork0 chunks running (52/62 completed)
2025-08-22 14:52:47 [runtime] (update)          ID.YL_hashingpri.SC_MULTI_CS.SC_MULTI_CORE.MULTI_GEM_WELL_PROCESSOR.COUNT_GEM_WELL_PROCESSOR._BASIC_SC_RNA_COUNTER._MATRIX_COMPUTER.ALIGN_AND_COUNT.fork0 chunks running (52/62 completed)
2025-08-22 14:58:46 [runtime] (update)          ID.YL_hashingpri.SC_MULTI_CS.SC_MULTI_CORE.MULTI_GEM_WELL_PROCESSOR.COUNT_GEM_WELL_PROCESSOR._BASIC_SC_RNA_COUNTER._MATRIX_COMPUTER.ALIGN_AND_COUNT.fork0 chunks running (52/62 completed)
2025-08-22 15:04:50 [runtime] (update)          ID.YL_hashingpri.SC_MULTI_CS.SC_MULTI_CORE.MULTI_GEM_WELL_PROCESSOR.COUNT_GEM_WELL_PROCESSOR._BASIC_SC_RNA_COUNTER._MATRIX_COMPUTER.ALIGN_AND_COUNT.fork0 chunks running (52/62 completed)
2025-08-22 15:10:46 [runtime] (update)          ID.YL_hashingpri.SC_MULTI_CS.SC_MULTI_CORE.MULTI_GEM_WELL_PROCESSOR.COUNT_GEM_WELL_PROCESSOR._BASIC_SC_RNA_COUNTER._MATRIX_COMPUTER.ALIGN_AND_COUNT.fork0 chunks running (52/62 completed)
2025-08-22 15:16:45 [runtime] (update)          ID.YL_hashingpri.SC_MULTI_CS.SC_MULTI_CORE.MULTI_GEM_WELL_PROCESSOR.COUNT_GEM_WELL_PROCESSOR._BASIC_SC_RNA_COUNTER._MATRIX_COMPUTER.ALIGN_AND_COUNT.fork0 chunks running (52/62 completed)
2025-08-22 15:22:48 [runtime] (update)          ID.YL_hashingpri.SC_MULTI_CS.SC_MULTI_CORE.MULTI_GEM_WELL_PROCESSOR.COUNT_GEM_WELL_PROCESSOR._BASIC_SC_RNA_COUNTER._MATRIX_COMPUTER.ALIGN_AND_COUNT.fork0 chunks running (52/62 completed)
2025-08-22 15:28:47 [runtime] (update)          ID.YL_hashingpri.SC_MULTI_CS.SC_MULTI_CORE.MULTI_GEM_WELL_PROCESSOR.COUNT_GEM_WELL_PROCESSOR._BASIC_SC_RNA_COUNTER._MATRIX_COMPUTER.ALIGN_AND_COUNT.fork0 chunks running (52/62 completed)
2025-08-22 15:34:46 [runtime] (update)          ID.YL_hashingpri.SC_MULTI_CS.SC_MULTI_CORE.MULTI_GEM_WELL_PROCESSOR.COUNT_GEM_WELL_PROCESSOR._BASIC_SC_RNA_COUNTER._MATRIX_COMPUTER.ALIGN_AND_COUNT.fork0 chunks running (52/62 completed)
2025-08-22 15:40:46 [runtime] (update)          ID.YL_hashingpri.SC_MULTI_CS.SC_MULTI_CORE.MULTI_GEM_WELL_PROCESSOR.COUNT_GEM_WELL_PROCESSOR._BASIC_SC_RNA_COUNTER._MATRIX_COMPUTER.ALIGN_AND_COUNT.fork0 chunks running (52/62 completed)
2025-08-22 15:46:46 [runtime] (update)          ID.YL_hashingpri.SC_MULTI_CS.SC_MULTI_CORE.MULTI_GEM_WELL_PROCESSOR.COUNT_GEM_WELL_PROCESSOR._BASIC_SC_RNA_COUNTER._MATRIX_COMPUTER.ALIGN_AND_COUNT.fork0 chunks running (52/62 completed)
2025-08-22 15:52:47 [runtime] (update)          ID.YL_hashingpri.SC_MULTI_CS.SC_MULTI_CORE.MULTI_GEM_WELL_PROCESSOR.COUNT_GEM_WELL_PROCESSOR._BASIC_SC_RNA_COUNTER._MATRIX_COMPUTER.ALIGN_AND_COUNT.fork0 chunks running (52/62 completed)
2025-08-22 15:58:48 [runtime] (update)          ID.YL_hashingpri.SC_MULTI_CS.SC_MULTI_CORE.MULTI_GEM_WELL_PROCESSOR.COUNT_GEM_WELL_PROCESSOR._BASIC_SC_RNA_COUNTER._MATRIX_COMPUTER.ALIGN_AND_COUNT.fork0 chunks running (52/62 completed)
2025-08-22 16:05:30 [runtime] (update)          ID.YL_hashingpri.SC_MULTI_CS.SC_MULTI_CORE.MULTI_GEM_WELL_PROCESSOR.COUNT_GEM_WELL_PROCESSOR._BASIC_SC_RNA_COUNTER._MATRIX_COMPUTER.ALIGN_AND_COUNT.fork0 chunks running (53/62 completed)
2025-08-22 16:11:32 [runtime] (update)          ID.YL_hashingpri.SC_MULTI_CS.SC_MULTI_CORE.MULTI_GEM_WELL_PROCESSOR.COUNT_GEM_WELL_PROCESSOR._BASIC_SC_RNA_COUNTER._MATRIX_COMPUTER.ALIGN_AND_COUNT.fork0 chunks running (53/62 completed)
2025-08-22 16:17:31 [runtime] (update)          ID.YL_hashingpri.SC_MULTI_CS.SC_MULTI_CORE.MULTI_GEM_WELL_PROCESSOR.COUNT_GEM_WELL_PROCESSOR._BASIC_SC_RNA_COUNTER._MATRIX_COMPUTER.ALIGN_AND_COUNT.fork0 chunks running (53/62 completed)
2025-08-22 16:23:31 [runtime] (update)          ID.YL_hashingpri.SC_MULTI_CS.SC_MULTI_CORE.MULTI_GEM_WELL_PROCESSOR.COUNT_GEM_WELL_PROCESSOR._BASIC_SC_RNA_COUNTER._MATRIX_COMPUTER.ALIGN_AND_COUNT.fork0 chunks running (53/62 completed)
2025-08-22 16:29:31 [runtime] (update)          ID.YL_hashingpri.SC_MULTI_CS.SC_MULTI_CORE.MULTI_GEM_WELL_PROCESSOR.COUNT_GEM_WELL_PROCESSOR._BASIC_SC_RNA_COUNTER._MATRIX_COMPUTER.ALIGN_AND_COUNT.fork0 chunks running (53/62 completed)
2025-08-22 16:35:29 [runtime] (update)          ID.YL_hashingpri.SC_MULTI_CS.SC_MULTI_CORE.MULTI_GEM_WELL_PROCESSOR.COUNT_GEM_WELL_PROCESSOR._BASIC_SC_RNA_COUNTER._MATRIX_COMPUTER.ALIGN_AND_COUNT.fork0 chunks running (53/62 completed)
2025-08-22 16:41:29 [runtime] (update)          ID.YL_hashingpri.SC_MULTI_CS.SC_MULTI_CORE.MULTI_GEM_WELL_PROCESSOR.COUNT_GEM_WELL_PROCESSOR._BASIC_SC_RNA_COUNTER._MATRIX_COMPUTER.ALIGN_AND_COUNT.fork0 chunks running (53/62 completed)
2025-08-22 16:47:31 [runtime] (update)          ID.YL_hashingpri.SC_MULTI_CS.SC_MULTI_CORE.MULTI_GEM_WELL_PROCESSOR.COUNT_GEM_WELL_PROCESSOR._BASIC_SC_RNA_COUNTER._MATRIX_COMPUTER.ALIGN_AND_COUNT.fork0 chunks running (53/62 completed)
2025-08-22 16:53:31 [runtime] (update)          ID.YL_hashingpri.SC_MULTI_CS.SC_MULTI_CORE.MULTI_GEM_WELL_PROCESSOR.COUNT_GEM_WELL_PROCESSOR._BASIC_SC_RNA_COUNTER._MATRIX_COMPUTER.ALIGN_AND_COUNT.fork0 chunks running (53/62 completed)
2025-08-22 16:59:30 [runtime] (update)          ID.YL_hashingpri.SC_MULTI_CS.SC_MULTI_CORE.MULTI_GEM_WELL_PROCESSOR.COUNT_GEM_WELL_PROCESSOR._BASIC_SC_RNA_COUNTER._MATRIX_COMPUTER.ALIGN_AND_COUNT.fork0 chunks running (53/62 completed)
2025-08-22 17:06:11 [runtime] (update)          ID.YL_hashingpri.SC_MULTI_CS.SC_MULTI_CORE.MULTI_GEM_WELL_PROCESSOR.COUNT_GEM_WELL_PROCESSOR._BASIC_SC_RNA_COUNTER._MATRIX_COMPUTER.ALIGN_AND_COUNT.fork0 chunks running (54/62 completed)
